[12-Oct-2023 02:46:05 UTC] PHP Parse error:  syntax error, unexpected '*' in /Applications/MAMP/htdocs/ad5_lesson/index.php on line 27
[12-Oct-2023 02:46:07 UTC] PHP Parse error:  syntax error, unexpected '*' in /Applications/MAMP/htdocs/ad5_lesson/index.php on line 27
[12-Oct-2023 02:46:07 UTC] PHP Parse error:  syntax error, unexpected '*' in /Applications/MAMP/htdocs/ad5_lesson/index.php on line 27
[12-Oct-2023 02:46:07 UTC] PHP Parse error:  syntax error, unexpected '*' in /Applications/MAMP/htdocs/ad5_lesson/index.php on line 27
[12-Oct-2023 04:46:27 UTC] PHP Parse error:  syntax error, unexpected ',' in /Applications/MAMP/htdocs/ad5_lesson/search.php on line 18
[12-Oct-2023 04:46:30 UTC] PHP Parse error:  syntax error, unexpected ',' in /Applications/MAMP/htdocs/ad5_lesson/search.php on line 18
[12-Oct-2023 04:46:31 UTC] PHP Parse error:  syntax error, unexpected ',' in /Applications/MAMP/htdocs/ad5_lesson/search.php on line 18
[12-Oct-2023 04:49:32 UTC] PHP Parse error:  syntax error, unexpected ',' in /Applications/MAMP/htdocs/ad5_lesson/search.php on line 18
[12-Oct-2023 04:49:34 UTC] PHP Parse error:  syntax error, unexpected ',' in /Applications/MAMP/htdocs/ad5_lesson/search.php on line 18
[12-Oct-2023 04:49:35 UTC] PHP Parse error:  syntax error, unexpected ',' in /Applications/MAMP/htdocs/ad5_lesson/search.php on line 18
[12-Oct-2023 04:49:36 UTC] PHP Parse error:  syntax error, unexpected ',' in /Applications/MAMP/htdocs/ad5_lesson/search.php on line 18
[12-Oct-2023 04:49:36 UTC] PHP Parse error:  syntax error, unexpected ',' in /Applications/MAMP/htdocs/ad5_lesson/search.php on line 18
[12-Oct-2023 04:49:36 UTC] PHP Parse error:  syntax error, unexpected ',' in /Applications/MAMP/htdocs/ad5_lesson/search.php on line 18
[12-Oct-2023 04:49:36 UTC] PHP Parse error:  syntax error, unexpected ',' in /Applications/MAMP/htdocs/ad5_lesson/search.php on line 18
[12-Oct-2023 04:49:36 UTC] PHP Parse error:  syntax error, unexpected ',' in /Applications/MAMP/htdocs/ad5_lesson/search.php on line 18
[12-Oct-2023 04:49:37 UTC] PHP Parse error:  syntax error, unexpected ',' in /Applications/MAMP/htdocs/ad5_lesson/search.php on line 18
[12-Oct-2023 04:49:37 UTC] PHP Parse error:  syntax error, unexpected ',' in /Applications/MAMP/htdocs/ad5_lesson/search.php on line 18
[13-Oct-2023 07:12:14 UTC] PHP Parse error:  syntax error, unexpected '}', expecting end of file in /Applications/MAMP/htdocs/ad5_lesson/search.php on line 96
[13-Oct-2023 07:12:16 UTC] PHP Parse error:  syntax error, unexpected '}', expecting end of file in /Applications/MAMP/htdocs/ad5_lesson/search.php on line 96
[13-Oct-2023 07:12:17 UTC] PHP Parse error:  syntax error, unexpected '}', expecting end of file in /Applications/MAMP/htdocs/ad5_lesson/search.php on line 96
[13-Oct-2023 07:12:17 UTC] PHP Parse error:  syntax error, unexpected '}', expecting end of file in /Applications/MAMP/htdocs/ad5_lesson/search.php on line 96
[13-Oct-2023 07:12:17 UTC] PHP Parse error:  syntax error, unexpected '}', expecting end of file in /Applications/MAMP/htdocs/ad5_lesson/search.php on line 96
[13-Oct-2023 07:12:17 UTC] PHP Parse error:  syntax error, unexpected '}', expecting end of file in /Applications/MAMP/htdocs/ad5_lesson/search.php on line 96
[13-Oct-2023 07:12:17 UTC] PHP Parse error:  syntax error, unexpected '}', expecting end of file in /Applications/MAMP/htdocs/ad5_lesson/search.php on line 96
[13-Oct-2023 07:12:18 UTC] PHP Parse error:  syntax error, unexpected '}', expecting end of file in /Applications/MAMP/htdocs/ad5_lesson/search.php on line 96
[13-Oct-2023 07:12:32 UTC] PHP Parse error:  syntax error, unexpected '}', expecting end of file in /Applications/MAMP/htdocs/ad5_lesson/search.php on line 96
[13-Oct-2023 07:14:10 UTC] PHP Fatal error:  Cannot use isset() on the result of an expression (you can use "null !== expression" instead) in /Applications/MAMP/htdocs/ad5_lesson/search.php on line 23
[13-Oct-2023 07:14:14 UTC] PHP Fatal error:  Cannot use isset() on the result of an expression (you can use "null !== expression" instead) in /Applications/MAMP/htdocs/ad5_lesson/search.php on line 23
[13-Oct-2023 07:14:14 UTC] PHP Fatal error:  Cannot use isset() on the result of an expression (you can use "null !== expression" instead) in /Applications/MAMP/htdocs/ad5_lesson/search.php on line 23
[13-Oct-2023 07:14:15 UTC] PHP Fatal error:  Cannot use isset() on the result of an expression (you can use "null !== expression" instead) in /Applications/MAMP/htdocs/ad5_lesson/search.php on line 23
[13-Oct-2023 07:14:15 UTC] PHP Fatal error:  Cannot use isset() on the result of an expression (you can use "null !== expression" instead) in /Applications/MAMP/htdocs/ad5_lesson/search.php on line 23
[13-Oct-2023 07:14:15 UTC] PHP Fatal error:  Cannot use isset() on the result of an expression (you can use "null !== expression" instead) in /Applications/MAMP/htdocs/ad5_lesson/search.php on line 23
[13-Oct-2023 07:14:15 UTC] PHP Fatal error:  Cannot use isset() on the result of an expression (you can use "null !== expression" instead) in /Applications/MAMP/htdocs/ad5_lesson/search.php on line 23
[13-Oct-2023 07:14:15 UTC] PHP Fatal error:  Cannot use isset() on the result of an expression (you can use "null !== expression" instead) in /Applications/MAMP/htdocs/ad5_lesson/search.php on line 23
[13-Oct-2023 07:14:15 UTC] PHP Fatal error:  Cannot use isset() on the result of an expression (you can use "null !== expression" instead) in /Applications/MAMP/htdocs/ad5_lesson/search.php on line 23
[13-Oct-2023 07:14:16 UTC] PHP Fatal error:  Cannot use isset() on the result of an expression (you can use "null !== expression" instead) in /Applications/MAMP/htdocs/ad5_lesson/search.php on line 23
[13-Oct-2023 07:14:16 UTC] PHP Fatal error:  Cannot use isset() on the result of an expression (you can use "null !== expression" instead) in /Applications/MAMP/htdocs/ad5_lesson/search.php on line 23
[13-Oct-2023 07:14:16 UTC] PHP Fatal error:  Cannot use isset() on the result of an expression (you can use "null !== expression" instead) in /Applications/MAMP/htdocs/ad5_lesson/search.php on line 23
[13-Oct-2023 07:14:16 UTC] PHP Fatal error:  Cannot use isset() on the result of an expression (you can use "null !== expression" instead) in /Applications/MAMP/htdocs/ad5_lesson/search.php on line 23
[13-Oct-2023 07:14:16 UTC] PHP Fatal error:  Cannot use isset() on the result of an expression (you can use "null !== expression" instead) in /Applications/MAMP/htdocs/ad5_lesson/search.php on line 23
[13-Oct-2023 07:14:16 UTC] PHP Fatal error:  Cannot use isset() on the result of an expression (you can use "null !== expression" instead) in /Applications/MAMP/htdocs/ad5_lesson/search.php on line 23
[13-Oct-2023 07:14:17 UTC] PHP Fatal error:  Cannot use isset() on the result of an expression (you can use "null !== expression" instead) in /Applications/MAMP/htdocs/ad5_lesson/search.php on line 23
[13-Oct-2023 07:14:21 UTC] PHP Fatal error:  Cannot use isset() on the result of an expression (you can use "null !== expression" instead) in /Applications/MAMP/htdocs/ad5_lesson/search.php on line 23
[13-Oct-2023 07:14:27 UTC] PHP Fatal error:  Cannot use isset() on the result of an expression (you can use "null !== expression" instead) in /Applications/MAMP/htdocs/ad5_lesson/search.php on line 23
[13-Oct-2023 13:56:21 UTC] PHP Parse error:  syntax error, unexpected '全て' (T_STRING) in /Applications/MAMP/htdocs/ad5_lesson/search.php on line 47
[13-Oct-2023 13:56:25 UTC] PHP Parse error:  syntax error, unexpected '全て' (T_STRING) in /Applications/MAMP/htdocs/ad5_lesson/search.php on line 47
[13-Oct-2023 13:56:26 UTC] PHP Parse error:  syntax error, unexpected '全て' (T_STRING) in /Applications/MAMP/htdocs/ad5_lesson/search.php on line 47
[13-Oct-2023 13:56:26 UTC] PHP Parse error:  syntax error, unexpected '全て' (T_STRING) in /Applications/MAMP/htdocs/ad5_lesson/search.php on line 47
[15-Oct-2023 05:11:25 UTC] PHP Parse error:  syntax error, unexpected '}' in /Applications/MAMP/htdocs/ad5_lesson/search.php on line 16
[15-Oct-2023 05:11:32 UTC] PHP Parse error:  syntax error, unexpected '}' in /Applications/MAMP/htdocs/ad5_lesson/search.php on line 16
[15-Oct-2023 05:11:33 UTC] PHP Parse error:  syntax error, unexpected '}' in /Applications/MAMP/htdocs/ad5_lesson/search.php on line 16
[15-Oct-2023 05:11:34 UTC] PHP Parse error:  syntax error, unexpected '}' in /Applications/MAMP/htdocs/ad5_lesson/search.php on line 16
[15-Oct-2023 05:11:39 UTC] PHP Parse error:  syntax error, unexpected '}' in /Applications/MAMP/htdocs/ad5_lesson/search.php on line 16
[15-Oct-2023 05:13:46 UTC] PHP Parse error:  syntax error, unexpected '}' in /Applications/MAMP/htdocs/ad5_lesson/search.php on line 16
[15-Oct-2023 05:13:49 UTC] PHP Parse error:  syntax error, unexpected '}' in /Applications/MAMP/htdocs/ad5_lesson/search.php on line 16
[15-Oct-2023 05:18:25 UTC] PHP Parse error:  syntax error, unexpected '}' in /Applications/MAMP/htdocs/ad5_lesson/search.php on line 16
[15-Oct-2023 05:18:29 UTC] PHP Parse error:  syntax error, unexpected '}' in /Applications/MAMP/htdocs/ad5_lesson/search.php on line 16
[15-Oct-2023 05:21:43 UTC] PHP Parse error:  syntax error, unexpected '}' in /Applications/MAMP/htdocs/ad5_lesson/search.php on line 16
[15-Oct-2023 05:21:47 UTC] PHP Parse error:  syntax error, unexpected '}' in /Applications/MAMP/htdocs/ad5_lesson/search.php on line 16
[15-Oct-2023 05:21:56 UTC] PHP Parse error:  syntax error, unexpected '}' in /Applications/MAMP/htdocs/ad5_lesson/search.php on line 16
[15-Oct-2023 05:23:43 UTC] PHP Parse error:  syntax error, unexpected '}' in /Applications/MAMP/htdocs/ad5_lesson/search.php on line 16
[15-Oct-2023 05:23:47 UTC] PHP Parse error:  syntax error, unexpected '}' in /Applications/MAMP/htdocs/ad5_lesson/search.php on line 16
[15-Oct-2023 05:23:52 UTC] PHP Parse error:  syntax error, unexpected '}' in /Applications/MAMP/htdocs/ad5_lesson/search.php on line 16
[16-Oct-2023 06:24:04 UTC] PHP Parse error:  syntax error, unexpected 'endif' (T_ENDIF) in /Applications/MAMP/htdocs/ad5_lesson/search.php on line 165
[16-Oct-2023 06:24:26 UTC] PHP Parse error:  syntax error, unexpected 'endif' (T_ENDIF) in /Applications/MAMP/htdocs/ad5_lesson/search.php on line 165
[16-Oct-2023 06:24:34 UTC] PHP Parse error:  syntax error, unexpected 'endif' (T_ENDIF) in /Applications/MAMP/htdocs/ad5_lesson/search.php on line 165
[16-Oct-2023 06:24:38 UTC] PHP Parse error:  syntax error, unexpected 'endif' (T_ENDIF) in /Applications/MAMP/htdocs/ad5_lesson/search.php on line 165
[16-Oct-2023 06:24:39 UTC] PHP Parse error:  syntax error, unexpected 'endif' (T_ENDIF) in /Applications/MAMP/htdocs/ad5_lesson/search.php on line 165
[16-Oct-2023 06:24:39 UTC] PHP Parse error:  syntax error, unexpected 'endif' (T_ENDIF) in /Applications/MAMP/htdocs/ad5_lesson/search.php on line 165
[16-Oct-2023 06:24:40 UTC] PHP Parse error:  syntax error, unexpected 'endif' (T_ENDIF) in /Applications/MAMP/htdocs/ad5_lesson/search.php on line 165
[16-Oct-2023 06:24:41 UTC] PHP Parse error:  syntax error, unexpected 'endif' (T_ENDIF) in /Applications/MAMP/htdocs/ad5_lesson/search.php on line 165
[16-Oct-2023 06:24:41 UTC] PHP Parse error:  syntax error, unexpected 'endif' (T_ENDIF) in /Applications/MAMP/htdocs/ad5_lesson/search.php on line 165
[16-Oct-2023 06:24:41 UTC] PHP Parse error:  syntax error, unexpected 'endif' (T_ENDIF) in /Applications/MAMP/htdocs/ad5_lesson/search.php on line 165
[16-Oct-2023 06:24:41 UTC] PHP Parse error:  syntax error, unexpected 'endif' (T_ENDIF) in /Applications/MAMP/htdocs/ad5_lesson/search.php on line 165
[16-Oct-2023 06:24:41 UTC] PHP Parse error:  syntax error, unexpected 'endif' (T_ENDIF) in /Applications/MAMP/htdocs/ad5_lesson/search.php on line 165
[16-Oct-2023 06:24:41 UTC] PHP Parse error:  syntax error, unexpected 'endif' (T_ENDIF) in /Applications/MAMP/htdocs/ad5_lesson/search.php on line 165
[16-Oct-2023 06:24:42 UTC] PHP Parse error:  syntax error, unexpected 'endif' (T_ENDIF) in /Applications/MAMP/htdocs/ad5_lesson/search.php on line 165
[16-Oct-2023 06:24:42 UTC] PHP Parse error:  syntax error, unexpected 'endif' (T_ENDIF) in /Applications/MAMP/htdocs/ad5_lesson/search.php on line 165
[16-Oct-2023 06:24:42 UTC] PHP Parse error:  syntax error, unexpected 'endif' (T_ENDIF) in /Applications/MAMP/htdocs/ad5_lesson/search.php on line 165
[16-Oct-2023 06:24:42 UTC] PHP Parse error:  syntax error, unexpected 'endif' (T_ENDIF) in /Applications/MAMP/htdocs/ad5_lesson/search.php on line 165
[16-Oct-2023 06:24:42 UTC] PHP Parse error:  syntax error, unexpected 'endif' (T_ENDIF) in /Applications/MAMP/htdocs/ad5_lesson/search.php on line 165
[16-Oct-2023 06:24:42 UTC] PHP Parse error:  syntax error, unexpected 'endif' (T_ENDIF) in /Applications/MAMP/htdocs/ad5_lesson/search.php on line 165
[16-Oct-2023 06:24:42 UTC] PHP Parse error:  syntax error, unexpected 'endif' (T_ENDIF) in /Applications/MAMP/htdocs/ad5_lesson/search.php on line 165
[16-Oct-2023 06:24:42 UTC] PHP Parse error:  syntax error, unexpected 'endif' (T_ENDIF) in /Applications/MAMP/htdocs/ad5_lesson/search.php on line 165
[16-Oct-2023 06:24:42 UTC] PHP Parse error:  syntax error, unexpected 'endif' (T_ENDIF) in /Applications/MAMP/htdocs/ad5_lesson/search.php on line 165
[16-Oct-2023 06:24:42 UTC] PHP Parse error:  syntax error, unexpected 'endif' (T_ENDIF) in /Applications/MAMP/htdocs/ad5_lesson/search.php on line 165
[16-Oct-2023 06:24:42 UTC] PHP Parse error:  syntax error, unexpected 'endif' (T_ENDIF) in /Applications/MAMP/htdocs/ad5_lesson/search.php on line 165
[16-Oct-2023 06:24:42 UTC] PHP Parse error:  syntax error, unexpected 'endif' (T_ENDIF) in /Applications/MAMP/htdocs/ad5_lesson/search.php on line 165
[16-Oct-2023 06:24:43 UTC] PHP Parse error:  syntax error, unexpected 'endif' (T_ENDIF) in /Applications/MAMP/htdocs/ad5_lesson/search.php on line 165
[16-Oct-2023 06:24:43 UTC] PHP Parse error:  syntax error, unexpected 'endif' (T_ENDIF) in /Applications/MAMP/htdocs/ad5_lesson/search.php on line 165
[16-Oct-2023 06:24:43 UTC] PHP Parse error:  syntax error, unexpected 'endif' (T_ENDIF) in /Applications/MAMP/htdocs/ad5_lesson/search.php on line 165
[16-Oct-2023 06:24:43 UTC] PHP Parse error:  syntax error, unexpected 'endif' (T_ENDIF) in /Applications/MAMP/htdocs/ad5_lesson/search.php on line 165
[16-Oct-2023 06:24:43 UTC] PHP Parse error:  syntax error, unexpected 'endif' (T_ENDIF) in /Applications/MAMP/htdocs/ad5_lesson/search.php on line 165
[16-Oct-2023 06:24:43 UTC] PHP Parse error:  syntax error, unexpected 'endif' (T_ENDIF) in /Applications/MAMP/htdocs/ad5_lesson/search.php on line 165
[16-Oct-2023 06:24:43 UTC] PHP Parse error:  syntax error, unexpected 'endif' (T_ENDIF) in /Applications/MAMP/htdocs/ad5_lesson/search.php on line 165
[16-Oct-2023 06:24:43 UTC] PHP Parse error:  syntax error, unexpected 'endif' (T_ENDIF) in /Applications/MAMP/htdocs/ad5_lesson/search.php on line 165
[16-Oct-2023 06:24:43 UTC] PHP Parse error:  syntax error, unexpected 'endif' (T_ENDIF) in /Applications/MAMP/htdocs/ad5_lesson/search.php on line 165
[16-Oct-2023 06:24:43 UTC] PHP Parse error:  syntax error, unexpected 'endif' (T_ENDIF) in /Applications/MAMP/htdocs/ad5_lesson/search.php on line 165
[16-Oct-2023 06:24:46 UTC] PHP Parse error:  syntax error, unexpected 'endif' (T_ENDIF) in /Applications/MAMP/htdocs/ad5_lesson/search.php on line 165
[16-Oct-2023 06:24:46 UTC] PHP Parse error:  syntax error, unexpected 'endif' (T_ENDIF) in /Applications/MAMP/htdocs/ad5_lesson/search.php on line 165
[16-Oct-2023 06:24:46 UTC] PHP Parse error:  syntax error, unexpected 'endif' (T_ENDIF) in /Applications/MAMP/htdocs/ad5_lesson/search.php on line 165
[16-Oct-2023 06:24:47 UTC] PHP Parse error:  syntax error, unexpected 'endif' (T_ENDIF) in /Applications/MAMP/htdocs/ad5_lesson/search.php on line 165
[16-Oct-2023 06:24:47 UTC] PHP Parse error:  syntax error, unexpected 'endif' (T_ENDIF) in /Applications/MAMP/htdocs/ad5_lesson/search.php on line 165
[16-Oct-2023 06:24:47 UTC] PHP Parse error:  syntax error, unexpected 'endif' (T_ENDIF) in /Applications/MAMP/htdocs/ad5_lesson/search.php on line 165
[16-Oct-2023 06:24:49 UTC] PHP Parse error:  syntax error, unexpected 'endif' (T_ENDIF) in /Applications/MAMP/htdocs/ad5_lesson/search.php on line 165
[16-Oct-2023 06:24:50 UTC] PHP Parse error:  syntax error, unexpected 'endif' (T_ENDIF) in /Applications/MAMP/htdocs/ad5_lesson/search.php on line 165
[16-Oct-2023 06:24:56 UTC] PHP Parse error:  syntax error, unexpected 'endif' (T_ENDIF) in /Applications/MAMP/htdocs/ad5_lesson/search.php on line 165
[16-Oct-2023 06:25:00 UTC] PHP Parse error:  syntax error, unexpected 'endif' (T_ENDIF) in /Applications/MAMP/htdocs/ad5_lesson/search.php on line 165
[16-Oct-2023 06:25:01 UTC] PHP Parse error:  syntax error, unexpected 'endif' (T_ENDIF) in /Applications/MAMP/htdocs/ad5_lesson/search.php on line 165
[16-Oct-2023 06:25:02 UTC] PHP Parse error:  syntax error, unexpected 'endif' (T_ENDIF) in /Applications/MAMP/htdocs/ad5_lesson/search.php on line 165
[16-Oct-2023 06:25:03 UTC] PHP Parse error:  syntax error, unexpected 'endif' (T_ENDIF) in /Applications/MAMP/htdocs/ad5_lesson/search.php on line 165
[16-Oct-2023 06:25:04 UTC] PHP Parse error:  syntax error, unexpected 'endif' (T_ENDIF) in /Applications/MAMP/htdocs/ad5_lesson/search.php on line 165
[16-Oct-2023 06:25:04 UTC] PHP Parse error:  syntax error, unexpected 'endif' (T_ENDIF) in /Applications/MAMP/htdocs/ad5_lesson/search.php on line 165
[16-Oct-2023 06:25:04 UTC] PHP Parse error:  syntax error, unexpected 'endif' (T_ENDIF) in /Applications/MAMP/htdocs/ad5_lesson/search.php on line 165
[16-Oct-2023 06:25:05 UTC] PHP Parse error:  syntax error, unexpected 'endif' (T_ENDIF) in /Applications/MAMP/htdocs/ad5_lesson/search.php on line 165
[16-Oct-2023 06:25:05 UTC] PHP Parse error:  syntax error, unexpected 'endif' (T_ENDIF) in /Applications/MAMP/htdocs/ad5_lesson/search.php on line 165
[16-Oct-2023 06:25:06 UTC] PHP Parse error:  syntax error, unexpected 'endif' (T_ENDIF) in /Applications/MAMP/htdocs/ad5_lesson/search.php on line 165
[16-Oct-2023 06:25:11 UTC] PHP Parse error:  syntax error, unexpected 'endif' (T_ENDIF) in /Applications/MAMP/htdocs/ad5_lesson/search.php on line 165
[16-Oct-2023 06:25:12 UTC] PHP Parse error:  syntax error, unexpected 'endif' (T_ENDIF) in /Applications/MAMP/htdocs/ad5_lesson/search.php on line 165
[16-Oct-2023 06:25:13 UTC] PHP Parse error:  syntax error, unexpected 'endif' (T_ENDIF) in /Applications/MAMP/htdocs/ad5_lesson/search.php on line 165
[16-Oct-2023 06:25:17 UTC] PHP Parse error:  syntax error, unexpected 'endif' (T_ENDIF) in /Applications/MAMP/htdocs/ad5_lesson/search.php on line 165
[16-Oct-2023 06:25:18 UTC] PHP Parse error:  syntax error, unexpected 'endif' (T_ENDIF) in /Applications/MAMP/htdocs/ad5_lesson/search.php on line 165
[16-Oct-2023 06:25:20 UTC] PHP Parse error:  syntax error, unexpected 'endif' (T_ENDIF) in /Applications/MAMP/htdocs/ad5_lesson/search.php on line 165
[16-Oct-2023 06:35:32 UTC] PHP Parse error:  syntax error, unexpected '<', expecting elseif (T_ELSEIF) or else (T_ELSE) or endif (T_ENDIF) in /Applications/MAMP/htdocs/ad5_lesson/search.php on line 117
[16-Oct-2023 06:35:37 UTC] PHP Parse error:  syntax error, unexpected '<', expecting elseif (T_ELSEIF) or else (T_ELSE) or endif (T_ENDIF) in /Applications/MAMP/htdocs/ad5_lesson/search.php on line 117
[16-Oct-2023 06:41:36 UTC] PHP Parse error:  syntax error, unexpected 'endforeach' (T_ENDFOREACH) in /Applications/MAMP/htdocs/ad5_lesson/search.php on line 163
[19-Oct-2023 05:49:00 UTC] PHP Parse error:  syntax error, unexpected '&&' (T_BOOLEAN_AND) in /Applications/MAMP/htdocs/ad5_lesson/function.php on line 20
[19-Oct-2023 05:49:01 UTC] PHP Parse error:  syntax error, unexpected '&&' (T_BOOLEAN_AND) in /Applications/MAMP/htdocs/ad5_lesson/function.php on line 20
[19-Oct-2023 05:49:01 UTC] PHP Parse error:  syntax error, unexpected '&&' (T_BOOLEAN_AND) in /Applications/MAMP/htdocs/ad5_lesson/function.php on line 20
[19-Oct-2023 05:49:01 UTC] PHP Parse error:  syntax error, unexpected '&&' (T_BOOLEAN_AND) in /Applications/MAMP/htdocs/ad5_lesson/function.php on line 20
[19-Oct-2023 05:49:01 UTC] PHP Parse error:  syntax error, unexpected '&&' (T_BOOLEAN_AND) in /Applications/MAMP/htdocs/ad5_lesson/function.php on line 20
[19-Oct-2023 05:49:02 UTC] PHP Parse error:  syntax error, unexpected '&&' (T_BOOLEAN_AND) in /Applications/MAMP/htdocs/ad5_lesson/function.php on line 20
[19-Oct-2023 05:49:02 UTC] PHP Parse error:  syntax error, unexpected '&&' (T_BOOLEAN_AND) in /Applications/MAMP/htdocs/ad5_lesson/function.php on line 20
[19-Oct-2023 05:49:02 UTC] PHP Parse error:  syntax error, unexpected '&&' (T_BOOLEAN_AND) in /Applications/MAMP/htdocs/ad5_lesson/function.php on line 20
[19-Oct-2023 05:55:05 UTC] PHP Parse error:  syntax error, unexpected '&&' (T_BOOLEAN_AND) in /Applications/MAMP/htdocs/ad5_lesson/function.php on line 20
[19-Oct-2023 05:55:06 UTC] PHP Parse error:  syntax error, unexpected '&&' (T_BOOLEAN_AND) in /Applications/MAMP/htdocs/ad5_lesson/function.php on line 20
[19-Oct-2023 05:55:06 UTC] PHP Parse error:  syntax error, unexpected '&&' (T_BOOLEAN_AND) in /Applications/MAMP/htdocs/ad5_lesson/function.php on line 20
[19-Oct-2023 05:55:06 UTC] PHP Parse error:  syntax error, unexpected '&&' (T_BOOLEAN_AND) in /Applications/MAMP/htdocs/ad5_lesson/function.php on line 20
[19-Oct-2023 05:55:07 UTC] PHP Parse error:  syntax error, unexpected '&&' (T_BOOLEAN_AND) in /Applications/MAMP/htdocs/ad5_lesson/function.php on line 20
[19-Oct-2023 05:55:08 UTC] PHP Parse error:  syntax error, unexpected '&&' (T_BOOLEAN_AND) in /Applications/MAMP/htdocs/ad5_lesson/function.php on line 20
[19-Oct-2023 05:55:10 UTC] PHP Parse error:  syntax error, unexpected '&&' (T_BOOLEAN_AND) in /Applications/MAMP/htdocs/ad5_lesson/function.php on line 20
[19-Oct-2023 05:55:10 UTC] PHP Parse error:  syntax error, unexpected '&&' (T_BOOLEAN_AND) in /Applications/MAMP/htdocs/ad5_lesson/function.php on line 20
[19-Oct-2023 05:55:10 UTC] PHP Parse error:  syntax error, unexpected '&&' (T_BOOLEAN_AND) in /Applications/MAMP/htdocs/ad5_lesson/function.php on line 20
[19-Oct-2023 05:55:10 UTC] PHP Parse error:  syntax error, unexpected '&&' (T_BOOLEAN_AND) in /Applications/MAMP/htdocs/ad5_lesson/function.php on line 20
[19-Oct-2023 05:55:11 UTC] PHP Parse error:  syntax error, unexpected '&&' (T_BOOLEAN_AND) in /Applications/MAMP/htdocs/ad5_lesson/function.php on line 20
[19-Oct-2023 05:55:11 UTC] PHP Parse error:  syntax error, unexpected '&&' (T_BOOLEAN_AND) in /Applications/MAMP/htdocs/ad5_lesson/function.php on line 20
[20-Oct-2023 06:34:05 UTC] PHP Parse error:  syntax error, unexpected 'search_sex' (T_STRING) in /Applications/MAMP/htdocs/ad5_lesson/search.php on line 39
[20-Oct-2023 06:34:05 UTC] PHP Parse error:  syntax error, unexpected 'search_sex' (T_STRING) in /Applications/MAMP/htdocs/ad5_lesson/search.php on line 39
[20-Oct-2023 06:34:06 UTC] PHP Parse error:  syntax error, unexpected 'search_sex' (T_STRING) in /Applications/MAMP/htdocs/ad5_lesson/search.php on line 39
[20-Oct-2023 06:34:06 UTC] PHP Parse error:  syntax error, unexpected 'search_sex' (T_STRING) in /Applications/MAMP/htdocs/ad5_lesson/search.php on line 39
[20-Oct-2023 06:34:06 UTC] PHP Parse error:  syntax error, unexpected 'search_sex' (T_STRING) in /Applications/MAMP/htdocs/ad5_lesson/search.php on line 39
[20-Oct-2023 06:34:15 UTC] PHP Parse error:  syntax error, unexpected 'search_sex' (T_STRING) in /Applications/MAMP/htdocs/ad5_lesson/search.php on line 39
[20-Oct-2023 06:34:19 UTC] PHP Parse error:  syntax error, unexpected 'search_sex' (T_STRING) in /Applications/MAMP/htdocs/ad5_lesson/search.php on line 39
[20-Oct-2023 06:34:20 UTC] PHP Parse error:  syntax error, unexpected 'search_sex' (T_STRING) in /Applications/MAMP/htdocs/ad5_lesson/search.php on line 39
[20-Oct-2023 06:34:20 UTC] PHP Parse error:  syntax error, unexpected 'search_sex' (T_STRING) in /Applications/MAMP/htdocs/ad5_lesson/search.php on line 39
[20-Oct-2023 06:34:20 UTC] PHP Parse error:  syntax error, unexpected 'search_sex' (T_STRING) in /Applications/MAMP/htdocs/ad5_lesson/search.php on line 39
[20-Oct-2023 06:35:22 UTC] PHP Parse error:  syntax error, unexpected 'search_sex' (T_STRING) in /Applications/MAMP/htdocs/ad5_lesson/search.php on line 39
[23-Oct-2023 06:54:17 UTC] PHP Parse error:  syntax error, unexpected '.' in /Applications/MAMP/htdocs/ad5_lesson/search.php on line 82
[23-Oct-2023 06:54:33 UTC] PHP Parse error:  syntax error, unexpected '.' in /Applications/MAMP/htdocs/ad5_lesson/search.php on line 82
[23-Oct-2023 06:54:34 UTC] PHP Parse error:  syntax error, unexpected '.' in /Applications/MAMP/htdocs/ad5_lesson/search.php on line 82
[23-Oct-2023 06:54:35 UTC] PHP Parse error:  syntax error, unexpected '.' in /Applications/MAMP/htdocs/ad5_lesson/search.php on line 82
[23-Oct-2023 06:54:35 UTC] PHP Parse error:  syntax error, unexpected '.' in /Applications/MAMP/htdocs/ad5_lesson/search.php on line 82
[23-Oct-2023 06:54:36 UTC] PHP Parse error:  syntax error, unexpected '.' in /Applications/MAMP/htdocs/ad5_lesson/search.php on line 82
[23-Oct-2023 06:54:38 UTC] PHP Parse error:  syntax error, unexpected '.' in /Applications/MAMP/htdocs/ad5_lesson/search.php on line 82
[23-Oct-2023 06:54:47 UTC] PHP Parse error:  syntax error, unexpected '.' in /Applications/MAMP/htdocs/ad5_lesson/search.php on line 82
[23-Oct-2023 06:55:16 UTC] PHP Parse error:  syntax error, unexpected '.' in /Applications/MAMP/htdocs/ad5_lesson/search.php on line 82
[23-Oct-2023 06:56:21 UTC] PHP Parse error:  syntax error, unexpected '.' in /Applications/MAMP/htdocs/ad5_lesson/search.php on line 82
[23-Oct-2023 06:56:22 UTC] PHP Parse error:  syntax error, unexpected '.' in /Applications/MAMP/htdocs/ad5_lesson/search.php on line 82
[23-Oct-2023 06:56:23 UTC] PHP Parse error:  syntax error, unexpected '.' in /Applications/MAMP/htdocs/ad5_lesson/search.php on line 82
[23-Oct-2023 06:56:23 UTC] PHP Parse error:  syntax error, unexpected '.' in /Applications/MAMP/htdocs/ad5_lesson/search.php on line 82
[23-Oct-2023 06:56:27 UTC] PHP Parse error:  syntax error, unexpected '.' in /Applications/MAMP/htdocs/ad5_lesson/search.php on line 82
[23-Oct-2023 06:57:33 UTC] PHP Parse error:  syntax error, unexpected '.' in /Applications/MAMP/htdocs/ad5_lesson/search.php on line 82
[23-Oct-2023 06:57:36 UTC] PHP Parse error:  syntax error, unexpected '.' in /Applications/MAMP/htdocs/ad5_lesson/search.php on line 82
[23-Oct-2023 06:57:38 UTC] PHP Parse error:  syntax error, unexpected '.' in /Applications/MAMP/htdocs/ad5_lesson/search.php on line 82
[23-Oct-2023 06:57:38 UTC] PHP Parse error:  syntax error, unexpected '.' in /Applications/MAMP/htdocs/ad5_lesson/search.php on line 82
[25-Oct-2023 12:35:38 UTC] PHP Parse error:  syntax error, unexpected ':', expecting '(' in /Applications/MAMP/htdocs/ad5_lesson/search.php on line 170
[25-Oct-2023 12:35:49 UTC] PHP Parse error:  syntax error, unexpected ':', expecting '(' in /Applications/MAMP/htdocs/ad5_lesson/search.php on line 170
[25-Oct-2023 12:35:50 UTC] PHP Parse error:  syntax error, unexpected ':', expecting '(' in /Applications/MAMP/htdocs/ad5_lesson/search.php on line 170
[26-Oct-2023 06:42:17 UTC] PHP Parse error:  syntax error, unexpected ':', expecting '(' in /Applications/MAMP/htdocs/ad5_lesson/search.php on line 170
[28-Oct-2023 08:09:47 UTC] PHP Parse error:  syntax error, unexpected 'endfor' (T_ENDFOR), expecting elseif (T_ELSEIF) or else (T_ELSE) or endif (T_ENDIF) in /Applications/MAMP/htdocs/ad5_lesson/search.php on line 231
[28-Oct-2023 08:09:53 UTC] PHP Parse error:  syntax error, unexpected 'endfor' (T_ENDFOR), expecting elseif (T_ELSEIF) or else (T_ELSE) or endif (T_ENDIF) in /Applications/MAMP/htdocs/ad5_lesson/search.php on line 231
[28-Oct-2023 08:09:54 UTC] PHP Parse error:  syntax error, unexpected 'endfor' (T_ENDFOR), expecting elseif (T_ELSEIF) or else (T_ELSE) or endif (T_ENDIF) in /Applications/MAMP/htdocs/ad5_lesson/search.php on line 231
[28-Oct-2023 08:11:33 UTC] PHP Parse error:  syntax error, unexpected 'endfor' (T_ENDFOR), expecting elseif (T_ELSEIF) or else (T_ELSE) or endif (T_ENDIF) in /Applications/MAMP/htdocs/ad5_lesson/search.php on line 231
[28-Oct-2023 08:11:34 UTC] PHP Parse error:  syntax error, unexpected 'endfor' (T_ENDFOR), expecting elseif (T_ELSEIF) or else (T_ELSE) or endif (T_ENDIF) in /Applications/MAMP/htdocs/ad5_lesson/search.php on line 231
[28-Oct-2023 08:11:34 UTC] PHP Parse error:  syntax error, unexpected 'endfor' (T_ENDFOR), expecting elseif (T_ELSEIF) or else (T_ELSE) or endif (T_ENDIF) in /Applications/MAMP/htdocs/ad5_lesson/search.php on line 231
[28-Oct-2023 08:11:34 UTC] PHP Parse error:  syntax error, unexpected 'endfor' (T_ENDFOR), expecting elseif (T_ELSEIF) or else (T_ELSE) or endif (T_ENDIF) in /Applications/MAMP/htdocs/ad5_lesson/search.php on line 231
[28-Oct-2023 08:11:42 UTC] PHP Parse error:  syntax error, unexpected 'endfor' (T_ENDFOR), expecting elseif (T_ELSEIF) or else (T_ELSE) or endif (T_ENDIF) in /Applications/MAMP/htdocs/ad5_lesson/search.php on line 231
[28-Oct-2023 08:11:43 UTC] PHP Parse error:  syntax error, unexpected 'endfor' (T_ENDFOR), expecting elseif (T_ELSEIF) or else (T_ELSE) or endif (T_ENDIF) in /Applications/MAMP/htdocs/ad5_lesson/search.php on line 231
[28-Oct-2023 08:11:44 UTC] PHP Parse error:  syntax error, unexpected 'endfor' (T_ENDFOR), expecting elseif (T_ELSEIF) or else (T_ELSE) or endif (T_ENDIF) in /Applications/MAMP/htdocs/ad5_lesson/search.php on line 231
[28-Oct-2023 08:11:44 UTC] PHP Parse error:  syntax error, unexpected 'endfor' (T_ENDFOR), expecting elseif (T_ELSEIF) or else (T_ELSE) or endif (T_ENDIF) in /Applications/MAMP/htdocs/ad5_lesson/search.php on line 231
[28-Oct-2023 08:11:44 UTC] PHP Parse error:  syntax error, unexpected 'endfor' (T_ENDFOR), expecting elseif (T_ELSEIF) or else (T_ELSE) or endif (T_ENDIF) in /Applications/MAMP/htdocs/ad5_lesson/search.php on line 231
[28-Oct-2023 08:11:45 UTC] PHP Parse error:  syntax error, unexpected 'endfor' (T_ENDFOR), expecting elseif (T_ELSEIF) or else (T_ELSE) or endif (T_ENDIF) in /Applications/MAMP/htdocs/ad5_lesson/search.php on line 231
[28-Oct-2023 08:11:45 UTC] PHP Parse error:  syntax error, unexpected 'endfor' (T_ENDFOR), expecting elseif (T_ELSEIF) or else (T_ELSE) or endif (T_ENDIF) in /Applications/MAMP/htdocs/ad5_lesson/search.php on line 231
[28-Oct-2023 08:12:01 UTC] PHP Parse error:  syntax error, unexpected 'endfor' (T_ENDFOR), expecting elseif (T_ELSEIF) or else (T_ELSE) or endif (T_ENDIF) in /Applications/MAMP/htdocs/ad5_lesson/search.php on line 231
[28-Oct-2023 08:12:02 UTC] PHP Parse error:  syntax error, unexpected 'endfor' (T_ENDFOR), expecting elseif (T_ELSEIF) or else (T_ELSE) or endif (T_ENDIF) in /Applications/MAMP/htdocs/ad5_lesson/search.php on line 231
[28-Oct-2023 08:12:02 UTC] PHP Parse error:  syntax error, unexpected 'endfor' (T_ENDFOR), expecting elseif (T_ELSEIF) or else (T_ELSE) or endif (T_ENDIF) in /Applications/MAMP/htdocs/ad5_lesson/search.php on line 231
[28-Oct-2023 08:12:02 UTC] PHP Parse error:  syntax error, unexpected 'endfor' (T_ENDFOR), expecting elseif (T_ELSEIF) or else (T_ELSE) or endif (T_ENDIF) in /Applications/MAMP/htdocs/ad5_lesson/search.php on line 231
[28-Oct-2023 08:12:03 UTC] PHP Parse error:  syntax error, unexpected 'endfor' (T_ENDFOR), expecting elseif (T_ELSEIF) or else (T_ELSE) or endif (T_ENDIF) in /Applications/MAMP/htdocs/ad5_lesson/search.php on line 231
[28-Oct-2023 08:13:01 UTC] PHP Parse error:  syntax error, unexpected 'endfor' (T_ENDFOR), expecting elseif (T_ELSEIF) or else (T_ELSE) or endif (T_ENDIF) in /Applications/MAMP/htdocs/ad5_lesson/search.php on line 231
[28-Oct-2023 08:13:01 UTC] PHP Parse error:  syntax error, unexpected 'endfor' (T_ENDFOR), expecting elseif (T_ELSEIF) or else (T_ELSE) or endif (T_ENDIF) in /Applications/MAMP/htdocs/ad5_lesson/search.php on line 231
[28-Oct-2023 08:13:01 UTC] PHP Parse error:  syntax error, unexpected 'endfor' (T_ENDFOR), expecting elseif (T_ELSEIF) or else (T_ELSE) or endif (T_ENDIF) in /Applications/MAMP/htdocs/ad5_lesson/search.php on line 231
[28-Oct-2023 08:15:27 UTC] PHP Parse error:  syntax error, unexpected 'endfor' (T_ENDFOR), expecting elseif (T_ELSEIF) or else (T_ELSE) or endif (T_ENDIF) in /Applications/MAMP/htdocs/ad5_lesson/search.php on line 231
[28-Oct-2023 08:15:29 UTC] PHP Parse error:  syntax error, unexpected 'endfor' (T_ENDFOR), expecting elseif (T_ELSEIF) or else (T_ELSE) or endif (T_ENDIF) in /Applications/MAMP/htdocs/ad5_lesson/search.php on line 231
[28-Oct-2023 08:16:22 UTC] PHP Parse error:  syntax error, unexpected 'endfor' (T_ENDFOR), expecting elseif (T_ELSEIF) or else (T_ELSE) or endif (T_ENDIF) in /Applications/MAMP/htdocs/ad5_lesson/search.php on line 231
[28-Oct-2023 08:16:24 UTC] PHP Parse error:  syntax error, unexpected 'endfor' (T_ENDFOR), expecting elseif (T_ELSEIF) or else (T_ELSE) or endif (T_ENDIF) in /Applications/MAMP/htdocs/ad5_lesson/search.php on line 231
[28-Oct-2023 08:16:28 UTC] PHP Parse error:  syntax error, unexpected 'endfor' (T_ENDFOR), expecting elseif (T_ELSEIF) or else (T_ELSE) or endif (T_ENDIF) in /Applications/MAMP/htdocs/ad5_lesson/search.php on line 231
[28-Oct-2023 08:16:29 UTC] PHP Parse error:  syntax error, unexpected 'endfor' (T_ENDFOR), expecting elseif (T_ELSEIF) or else (T_ELSE) or endif (T_ENDIF) in /Applications/MAMP/htdocs/ad5_lesson/search.php on line 231
[28-Oct-2023 08:22:49 UTC] PHP Parse error:  syntax error, unexpected 'endfor' (T_ENDFOR), expecting elseif (T_ELSEIF) or else (T_ELSE) or endif (T_ENDIF) in /Applications/MAMP/htdocs/ad5_lesson/search.php on line 231
[28-Oct-2023 08:22:50 UTC] PHP Parse error:  syntax error, unexpected 'endfor' (T_ENDFOR), expecting elseif (T_ELSEIF) or else (T_ELSE) or endif (T_ENDIF) in /Applications/MAMP/htdocs/ad5_lesson/search.php on line 231
[28-Oct-2023 08:22:51 UTC] PHP Parse error:  syntax error, unexpected 'endfor' (T_ENDFOR), expecting elseif (T_ELSEIF) or else (T_ELSE) or endif (T_ENDIF) in /Applications/MAMP/htdocs/ad5_lesson/search.php on line 231
[28-Oct-2023 08:22:51 UTC] PHP Parse error:  syntax error, unexpected 'endfor' (T_ENDFOR), expecting elseif (T_ELSEIF) or else (T_ELSE) or endif (T_ENDIF) in /Applications/MAMP/htdocs/ad5_lesson/search.php on line 231
[28-Oct-2023 08:22:51 UTC] PHP Parse error:  syntax error, unexpected 'endfor' (T_ENDFOR), expecting elseif (T_ELSEIF) or else (T_ELSE) or endif (T_ENDIF) in /Applications/MAMP/htdocs/ad5_lesson/search.php on line 231
[28-Oct-2023 08:22:51 UTC] PHP Parse error:  syntax error, unexpected 'endfor' (T_ENDFOR), expecting elseif (T_ELSEIF) or else (T_ELSE) or endif (T_ENDIF) in /Applications/MAMP/htdocs/ad5_lesson/search.php on line 231
[29-Oct-2023 15:18:22 UTC] PHP Fatal error:  Cannot use isset() on the result of an expression (you can use "null !== expression" instead) in /Applications/MAMP/htdocs/ad5_lesson/registration.php on line 6
[29-Oct-2023 15:18:29 UTC] PHP Fatal error:  Cannot use isset() on the result of an expression (you can use "null !== expression" instead) in /Applications/MAMP/htdocs/ad5_lesson/registration.php on line 6
[29-Oct-2023 15:18:31 UTC] PHP Fatal error:  Cannot use isset() on the result of an expression (you can use "null !== expression" instead) in /Applications/MAMP/htdocs/ad5_lesson/registration.php on line 6
[29-Oct-2023 15:18:31 UTC] PHP Fatal error:  Cannot use isset() on the result of an expression (you can use "null !== expression" instead) in /Applications/MAMP/htdocs/ad5_lesson/registration.php on line 6
[29-Oct-2023 15:18:42 UTC] PHP Fatal error:  Cannot use isset() on the result of an expression (you can use "null !== expression" instead) in /Applications/MAMP/htdocs/ad5_lesson/registration.php on line 6
[29-Oct-2023 15:18:42 UTC] PHP Fatal error:  Cannot use isset() on the result of an expression (you can use "null !== expression" instead) in /Applications/MAMP/htdocs/ad5_lesson/registration.php on line 6
[29-Oct-2023 15:18:43 UTC] PHP Fatal error:  Cannot use isset() on the result of an expression (you can use "null !== expression" instead) in /Applications/MAMP/htdocs/ad5_lesson/registration.php on line 6
[29-Oct-2023 15:18:43 UTC] PHP Fatal error:  Cannot use isset() on the result of an expression (you can use "null !== expression" instead) in /Applications/MAMP/htdocs/ad5_lesson/registration.php on line 6
[29-Oct-2023 15:18:43 UTC] PHP Fatal error:  Cannot use isset() on the result of an expression (you can use "null !== expression" instead) in /Applications/MAMP/htdocs/ad5_lesson/registration.php on line 6
[29-Oct-2023 15:18:43 UTC] PHP Fatal error:  Cannot use isset() on the result of an expression (you can use "null !== expression" instead) in /Applications/MAMP/htdocs/ad5_lesson/registration.php on line 6
[29-Oct-2023 15:18:44 UTC] PHP Fatal error:  Cannot use isset() on the result of an expression (you can use "null !== expression" instead) in /Applications/MAMP/htdocs/ad5_lesson/registration.php on line 6
[29-Oct-2023 15:20:16 UTC] PHP Fatal error:  Cannot use isset() on the result of an expression (you can use "null !== expression" instead) in /Applications/MAMP/htdocs/ad5_lesson/registration.php on line 6
[29-Oct-2023 15:20:17 UTC] PHP Fatal error:  Cannot use isset() on the result of an expression (you can use "null !== expression" instead) in /Applications/MAMP/htdocs/ad5_lesson/registration.php on line 6
[29-Oct-2023 15:20:18 UTC] PHP Fatal error:  Cannot use isset() on the result of an expression (you can use "null !== expression" instead) in /Applications/MAMP/htdocs/ad5_lesson/registration.php on line 6
[29-Oct-2023 15:21:54 UTC] PHP Fatal error:  Cannot use isset() on the result of an expression (you can use "null !== expression" instead) in /Applications/MAMP/htdocs/ad5_lesson/registration.php on line 6
[31-Oct-2023 04:39:05 UTC] PHP Parse error:  syntax error, unexpected 'try' (T_TRY) in /Applications/MAMP/htdocs/ad5_lesson/edit.php on line 18
[31-Oct-2023 04:39:12 UTC] PHP Parse error:  syntax error, unexpected 'try' (T_TRY) in /Applications/MAMP/htdocs/ad5_lesson/edit.php on line 18
[31-Oct-2023 04:39:12 UTC] PHP Parse error:  syntax error, unexpected 'try' (T_TRY) in /Applications/MAMP/htdocs/ad5_lesson/edit.php on line 18
[31-Oct-2023 04:39:12 UTC] PHP Parse error:  syntax error, unexpected 'try' (T_TRY) in /Applications/MAMP/htdocs/ad5_lesson/edit.php on line 18
[31-Oct-2023 04:39:14 UTC] PHP Parse error:  syntax error, unexpected 'try' (T_TRY) in /Applications/MAMP/htdocs/ad5_lesson/edit.php on line 18
[31-Oct-2023 04:41:09 UTC] PHP Parse error:  syntax error, unexpected '$stmt' (T_VARIABLE) in /Applications/MAMP/htdocs/ad5_lesson/edit.php on line 19
[31-Oct-2023 04:41:09 UTC] PHP Parse error:  syntax error, unexpected '$stmt' (T_VARIABLE) in /Applications/MAMP/htdocs/ad5_lesson/edit.php on line 19
[31-Oct-2023 04:41:09 UTC] PHP Parse error:  syntax error, unexpected '$stmt' (T_VARIABLE) in /Applications/MAMP/htdocs/ad5_lesson/edit.php on line 19
[31-Oct-2023 04:41:09 UTC] PHP Parse error:  syntax error, unexpected '$stmt' (T_VARIABLE) in /Applications/MAMP/htdocs/ad5_lesson/edit.php on line 19
[31-Oct-2023 04:41:10 UTC] PHP Parse error:  syntax error, unexpected '$stmt' (T_VARIABLE) in /Applications/MAMP/htdocs/ad5_lesson/edit.php on line 19
[31-Oct-2023 04:41:10 UTC] PHP Parse error:  syntax error, unexpected '$stmt' (T_VARIABLE) in /Applications/MAMP/htdocs/ad5_lesson/edit.php on line 19
[31-Oct-2023 04:41:10 UTC] PHP Parse error:  syntax error, unexpected '$stmt' (T_VARIABLE) in /Applications/MAMP/htdocs/ad5_lesson/edit.php on line 19
[31-Oct-2023 04:41:10 UTC] PHP Parse error:  syntax error, unexpected '$stmt' (T_VARIABLE) in /Applications/MAMP/htdocs/ad5_lesson/edit.php on line 19
[31-Oct-2023 04:41:16 UTC] PHP Parse error:  syntax error, unexpected '$stmt' (T_VARIABLE) in /Applications/MAMP/htdocs/ad5_lesson/edit.php on line 19
[31-Oct-2023 04:41:18 UTC] PHP Parse error:  syntax error, unexpected '$stmt' (T_VARIABLE) in /Applications/MAMP/htdocs/ad5_lesson/edit.php on line 19
[31-Oct-2023 04:41:19 UTC] PHP Parse error:  syntax error, unexpected '$stmt' (T_VARIABLE) in /Applications/MAMP/htdocs/ad5_lesson/edit.php on line 19
[31-Oct-2023 04:41:20 UTC] PHP Parse error:  syntax error, unexpected '$stmt' (T_VARIABLE) in /Applications/MAMP/htdocs/ad5_lesson/edit.php on line 19
[31-Oct-2023 04:41:20 UTC] PHP Parse error:  syntax error, unexpected '$stmt' (T_VARIABLE) in /Applications/MAMP/htdocs/ad5_lesson/edit.php on line 19
[31-Oct-2023 04:41:20 UTC] PHP Parse error:  syntax error, unexpected '$stmt' (T_VARIABLE) in /Applications/MAMP/htdocs/ad5_lesson/edit.php on line 19
[31-Oct-2023 04:41:20 UTC] PHP Parse error:  syntax error, unexpected '$stmt' (T_VARIABLE) in /Applications/MAMP/htdocs/ad5_lesson/edit.php on line 19
[31-Oct-2023 04:41:36 UTC] PHP Parse error:  syntax error, unexpected '$stmt' (T_VARIABLE) in /Applications/MAMP/htdocs/ad5_lesson/edit.php on line 19
[31-Oct-2023 04:41:40 UTC] PHP Parse error:  syntax error, unexpected '$stmt' (T_VARIABLE) in /Applications/MAMP/htdocs/ad5_lesson/edit.php on line 19
[31-Oct-2023 04:41:42 UTC] PHP Parse error:  syntax error, unexpected '$stmt' (T_VARIABLE) in /Applications/MAMP/htdocs/ad5_lesson/edit.php on line 19
[31-Oct-2023 04:41:47 UTC] PHP Parse error:  syntax error, unexpected '$stmt' (T_VARIABLE) in /Applications/MAMP/htdocs/ad5_lesson/edit.php on line 19
[31-Oct-2023 04:41:48 UTC] PHP Parse error:  syntax error, unexpected '$stmt' (T_VARIABLE) in /Applications/MAMP/htdocs/ad5_lesson/edit.php on line 19
[31-Oct-2023 04:41:48 UTC] PHP Parse error:  syntax error, unexpected '$stmt' (T_VARIABLE) in /Applications/MAMP/htdocs/ad5_lesson/edit.php on line 19
[31-Oct-2023 04:41:48 UTC] PHP Parse error:  syntax error, unexpected '$stmt' (T_VARIABLE) in /Applications/MAMP/htdocs/ad5_lesson/edit.php on line 19
[31-Oct-2023 04:41:49 UTC] PHP Parse error:  syntax error, unexpected '$stmt' (T_VARIABLE) in /Applications/MAMP/htdocs/ad5_lesson/edit.php on line 19
[31-Oct-2023 04:42:41 UTC] PHP Parse error:  syntax error, unexpected '$stmt' (T_VARIABLE) in /Applications/MAMP/htdocs/ad5_lesson/edit.php on line 19
[31-Oct-2023 04:42:41 UTC] PHP Parse error:  syntax error, unexpected '$stmt' (T_VARIABLE) in /Applications/MAMP/htdocs/ad5_lesson/edit.php on line 19
[31-Oct-2023 04:42:41 UTC] PHP Parse error:  syntax error, unexpected '$stmt' (T_VARIABLE) in /Applications/MAMP/htdocs/ad5_lesson/edit.php on line 19
[31-Oct-2023 04:42:42 UTC] PHP Parse error:  syntax error, unexpected '$stmt' (T_VARIABLE) in /Applications/MAMP/htdocs/ad5_lesson/edit.php on line 19
[31-Oct-2023 04:42:43 UTC] PHP Parse error:  syntax error, unexpected '$stmt' (T_VARIABLE) in /Applications/MAMP/htdocs/ad5_lesson/edit.php on line 19
[31-Oct-2023 05:41:07 UTC] PHP Parse error:  syntax error, unexpected 'endif' (T_ENDIF), expecting end of file in /Applications/MAMP/htdocs/ad5_lesson/edit.php on line 186
[31-Oct-2023 05:41:08 UTC] PHP Parse error:  syntax error, unexpected 'endif' (T_ENDIF), expecting end of file in /Applications/MAMP/htdocs/ad5_lesson/edit.php on line 186
[31-Oct-2023 05:41:08 UTC] PHP Parse error:  syntax error, unexpected 'endif' (T_ENDIF), expecting end of file in /Applications/MAMP/htdocs/ad5_lesson/edit.php on line 186
[31-Oct-2023 05:41:08 UTC] PHP Parse error:  syntax error, unexpected 'endif' (T_ENDIF), expecting end of file in /Applications/MAMP/htdocs/ad5_lesson/edit.php on line 186
[31-Oct-2023 05:41:09 UTC] PHP Parse error:  syntax error, unexpected 'endif' (T_ENDIF), expecting end of file in /Applications/MAMP/htdocs/ad5_lesson/edit.php on line 186
[31-Oct-2023 05:41:09 UTC] PHP Parse error:  syntax error, unexpected 'endif' (T_ENDIF), expecting end of file in /Applications/MAMP/htdocs/ad5_lesson/edit.php on line 186
[31-Oct-2023 05:41:09 UTC] PHP Parse error:  syntax error, unexpected 'endif' (T_ENDIF), expecting end of file in /Applications/MAMP/htdocs/ad5_lesson/edit.php on line 186
[31-Oct-2023 05:41:09 UTC] PHP Parse error:  syntax error, unexpected 'endif' (T_ENDIF), expecting end of file in /Applications/MAMP/htdocs/ad5_lesson/edit.php on line 186
[31-Oct-2023 05:41:22 UTC] PHP Parse error:  syntax error, unexpected 'endif' (T_ENDIF), expecting end of file in /Applications/MAMP/htdocs/ad5_lesson/edit.php on line 186
[31-Oct-2023 05:41:22 UTC] PHP Parse error:  syntax error, unexpected 'endif' (T_ENDIF), expecting end of file in /Applications/MAMP/htdocs/ad5_lesson/edit.php on line 186
[31-Oct-2023 05:41:22 UTC] PHP Parse error:  syntax error, unexpected 'endif' (T_ENDIF), expecting end of file in /Applications/MAMP/htdocs/ad5_lesson/edit.php on line 186
[31-Oct-2023 05:41:23 UTC] PHP Parse error:  syntax error, unexpected 'endif' (T_ENDIF), expecting end of file in /Applications/MAMP/htdocs/ad5_lesson/edit.php on line 186
[31-Oct-2023 05:42:23 UTC] PHP Parse error:  syntax error, unexpected 'endif' (T_ENDIF), expecting end of file in /Applications/MAMP/htdocs/ad5_lesson/edit.php on line 186
[31-Oct-2023 05:42:29 UTC] PHP Parse error:  syntax error, unexpected 'endif' (T_ENDIF), expecting end of file in /Applications/MAMP/htdocs/ad5_lesson/edit.php on line 186
[31-Oct-2023 05:42:31 UTC] PHP Parse error:  syntax error, unexpected 'endif' (T_ENDIF), expecting end of file in /Applications/MAMP/htdocs/ad5_lesson/edit.php on line 186
[31-Oct-2023 05:42:31 UTC] PHP Parse error:  syntax error, unexpected 'endif' (T_ENDIF), expecting end of file in /Applications/MAMP/htdocs/ad5_lesson/edit.php on line 186
[31-Oct-2023 05:42:32 UTC] PHP Parse error:  syntax error, unexpected 'endif' (T_ENDIF), expecting end of file in /Applications/MAMP/htdocs/ad5_lesson/edit.php on line 186
[31-Oct-2023 05:42:32 UTC] PHP Parse error:  syntax error, unexpected 'endif' (T_ENDIF), expecting end of file in /Applications/MAMP/htdocs/ad5_lesson/edit.php on line 186
[31-Oct-2023 05:43:15 UTC] PHP Parse error:  syntax error, unexpected 'endif' (T_ENDIF), expecting end of file in /Applications/MAMP/htdocs/ad5_lesson/edit.php on line 204
[31-Oct-2023 05:43:15 UTC] PHP Parse error:  syntax error, unexpected 'endif' (T_ENDIF), expecting end of file in /Applications/MAMP/htdocs/ad5_lesson/edit.php on line 204
[31-Oct-2023 05:43:15 UTC] PHP Parse error:  syntax error, unexpected 'endif' (T_ENDIF), expecting end of file in /Applications/MAMP/htdocs/ad5_lesson/edit.php on line 204
[31-Oct-2023 05:43:15 UTC] PHP Parse error:  syntax error, unexpected 'endif' (T_ENDIF), expecting end of file in /Applications/MAMP/htdocs/ad5_lesson/edit.php on line 204
[31-Oct-2023 05:43:16 UTC] PHP Parse error:  syntax error, unexpected 'endif' (T_ENDIF), expecting end of file in /Applications/MAMP/htdocs/ad5_lesson/edit.php on line 204
[31-Oct-2023 05:43:23 UTC] PHP Parse error:  syntax error, unexpected 'endif' (T_ENDIF), expecting end of file in /Applications/MAMP/htdocs/ad5_lesson/edit.php on line 204
[31-Oct-2023 05:43:24 UTC] PHP Parse error:  syntax error, unexpected 'endif' (T_ENDIF), expecting end of file in /Applications/MAMP/htdocs/ad5_lesson/edit.php on line 204
[31-Oct-2023 05:43:25 UTC] PHP Parse error:  syntax error, unexpected 'endif' (T_ENDIF), expecting end of file in /Applications/MAMP/htdocs/ad5_lesson/edit.php on line 204
[31-Oct-2023 05:43:26 UTC] PHP Parse error:  syntax error, unexpected 'endif' (T_ENDIF), expecting end of file in /Applications/MAMP/htdocs/ad5_lesson/edit.php on line 204
[31-Oct-2023 05:43:26 UTC] PHP Parse error:  syntax error, unexpected 'endif' (T_ENDIF), expecting end of file in /Applications/MAMP/htdocs/ad5_lesson/edit.php on line 204
[31-Oct-2023 05:43:26 UTC] PHP Parse error:  syntax error, unexpected 'endif' (T_ENDIF), expecting end of file in /Applications/MAMP/htdocs/ad5_lesson/edit.php on line 204
[31-Oct-2023 05:43:26 UTC] PHP Parse error:  syntax error, unexpected 'endif' (T_ENDIF), expecting end of file in /Applications/MAMP/htdocs/ad5_lesson/edit.php on line 204
[31-Oct-2023 05:43:26 UTC] PHP Parse error:  syntax error, unexpected 'endif' (T_ENDIF), expecting end of file in /Applications/MAMP/htdocs/ad5_lesson/edit.php on line 204
[31-Oct-2023 05:43:26 UTC] PHP Parse error:  syntax error, unexpected 'endif' (T_ENDIF), expecting end of file in /Applications/MAMP/htdocs/ad5_lesson/edit.php on line 204
[31-Oct-2023 05:43:26 UTC] PHP Parse error:  syntax error, unexpected 'endif' (T_ENDIF), expecting end of file in /Applications/MAMP/htdocs/ad5_lesson/edit.php on line 204
[31-Oct-2023 05:43:26 UTC] PHP Parse error:  syntax error, unexpected 'endif' (T_ENDIF), expecting end of file in /Applications/MAMP/htdocs/ad5_lesson/edit.php on line 204
[31-Oct-2023 05:43:26 UTC] PHP Parse error:  syntax error, unexpected 'endif' (T_ENDIF), expecting end of file in /Applications/MAMP/htdocs/ad5_lesson/edit.php on line 204
[31-Oct-2023 05:43:26 UTC] PHP Parse error:  syntax error, unexpected 'endif' (T_ENDIF), expecting end of file in /Applications/MAMP/htdocs/ad5_lesson/edit.php on line 204
[31-Oct-2023 05:43:27 UTC] PHP Parse error:  syntax error, unexpected 'endif' (T_ENDIF), expecting end of file in /Applications/MAMP/htdocs/ad5_lesson/edit.php on line 204
[31-Oct-2023 05:43:27 UTC] PHP Parse error:  syntax error, unexpected 'endif' (T_ENDIF), expecting end of file in /Applications/MAMP/htdocs/ad5_lesson/edit.php on line 204
[31-Oct-2023 05:43:27 UTC] PHP Parse error:  syntax error, unexpected 'endif' (T_ENDIF), expecting end of file in /Applications/MAMP/htdocs/ad5_lesson/edit.php on line 204
[31-Oct-2023 05:43:27 UTC] PHP Parse error:  syntax error, unexpected 'endif' (T_ENDIF), expecting end of file in /Applications/MAMP/htdocs/ad5_lesson/edit.php on line 204
[31-Oct-2023 05:43:27 UTC] PHP Parse error:  syntax error, unexpected 'endif' (T_ENDIF), expecting end of file in /Applications/MAMP/htdocs/ad5_lesson/edit.php on line 204
[31-Oct-2023 05:43:27 UTC] PHP Parse error:  syntax error, unexpected 'endif' (T_ENDIF), expecting end of file in /Applications/MAMP/htdocs/ad5_lesson/edit.php on line 204
[31-Oct-2023 05:43:27 UTC] PHP Parse error:  syntax error, unexpected 'endif' (T_ENDIF), expecting end of file in /Applications/MAMP/htdocs/ad5_lesson/edit.php on line 204
[31-Oct-2023 05:43:27 UTC] PHP Parse error:  syntax error, unexpected 'endif' (T_ENDIF), expecting end of file in /Applications/MAMP/htdocs/ad5_lesson/edit.php on line 204
[31-Oct-2023 05:43:27 UTC] PHP Parse error:  syntax error, unexpected 'endif' (T_ENDIF), expecting end of file in /Applications/MAMP/htdocs/ad5_lesson/edit.php on line 204
[31-Oct-2023 05:43:27 UTC] PHP Parse error:  syntax error, unexpected 'endif' (T_ENDIF), expecting end of file in /Applications/MAMP/htdocs/ad5_lesson/edit.php on line 204
[31-Oct-2023 05:43:27 UTC] PHP Parse error:  syntax error, unexpected 'endif' (T_ENDIF), expecting end of file in /Applications/MAMP/htdocs/ad5_lesson/edit.php on line 204
[31-Oct-2023 05:43:27 UTC] PHP Parse error:  syntax error, unexpected 'endif' (T_ENDIF), expecting end of file in /Applications/MAMP/htdocs/ad5_lesson/edit.php on line 204
[31-Oct-2023 05:43:28 UTC] PHP Parse error:  syntax error, unexpected 'endif' (T_ENDIF), expecting end of file in /Applications/MAMP/htdocs/ad5_lesson/edit.php on line 204
[31-Oct-2023 05:43:28 UTC] PHP Parse error:  syntax error, unexpected 'endif' (T_ENDIF), expecting end of file in /Applications/MAMP/htdocs/ad5_lesson/edit.php on line 204
[31-Oct-2023 05:43:28 UTC] PHP Parse error:  syntax error, unexpected 'endif' (T_ENDIF), expecting end of file in /Applications/MAMP/htdocs/ad5_lesson/edit.php on line 204
[31-Oct-2023 05:43:28 UTC] PHP Parse error:  syntax error, unexpected 'endif' (T_ENDIF), expecting end of file in /Applications/MAMP/htdocs/ad5_lesson/edit.php on line 204
[31-Oct-2023 05:43:29 UTC] PHP Parse error:  syntax error, unexpected 'endif' (T_ENDIF), expecting end of file in /Applications/MAMP/htdocs/ad5_lesson/edit.php on line 204
[31-Oct-2023 05:43:30 UTC] PHP Parse error:  syntax error, unexpected 'endif' (T_ENDIF), expecting end of file in /Applications/MAMP/htdocs/ad5_lesson/edit.php on line 204
[31-Oct-2023 05:43:30 UTC] PHP Parse error:  syntax error, unexpected 'endif' (T_ENDIF), expecting end of file in /Applications/MAMP/htdocs/ad5_lesson/edit.php on line 204
[31-Oct-2023 05:43:30 UTC] PHP Parse error:  syntax error, unexpected 'endif' (T_ENDIF), expecting end of file in /Applications/MAMP/htdocs/ad5_lesson/edit.php on line 204
[02-Nov-2023 05:27:04 UTC] PHP Parse error:  syntax error, unexpected ''<input type="radio" name="reg' (T_CONSTANT_ENCAPSED_STRING), expecting ';' or ',' in /Applications/MAMP/htdocs/ad5_lesson/registration.php on line 233
[02-Nov-2023 05:27:05 UTC] PHP Parse error:  syntax error, unexpected ''<input type="radio" name="reg' (T_CONSTANT_ENCAPSED_STRING), expecting ';' or ',' in /Applications/MAMP/htdocs/ad5_lesson/registration.php on line 233
[02-Nov-2023 05:27:06 UTC] PHP Parse error:  syntax error, unexpected ''<input type="radio" name="reg' (T_CONSTANT_ENCAPSED_STRING), expecting ';' or ',' in /Applications/MAMP/htdocs/ad5_lesson/registration.php on line 233
[02-Nov-2023 05:27:06 UTC] PHP Parse error:  syntax error, unexpected ''<input type="radio" name="reg' (T_CONSTANT_ENCAPSED_STRING), expecting ';' or ',' in /Applications/MAMP/htdocs/ad5_lesson/registration.php on line 233
[02-Nov-2023 05:27:06 UTC] PHP Parse error:  syntax error, unexpected ''<input type="radio" name="reg' (T_CONSTANT_ENCAPSED_STRING), expecting ';' or ',' in /Applications/MAMP/htdocs/ad5_lesson/registration.php on line 233
[02-Nov-2023 05:27:07 UTC] PHP Parse error:  syntax error, unexpected ''<input type="radio" name="reg' (T_CONSTANT_ENCAPSED_STRING), expecting ';' or ',' in /Applications/MAMP/htdocs/ad5_lesson/registration.php on line 233
[02-Nov-2023 05:27:07 UTC] PHP Parse error:  syntax error, unexpected ''<input type="radio" name="reg' (T_CONSTANT_ENCAPSED_STRING), expecting ';' or ',' in /Applications/MAMP/htdocs/ad5_lesson/registration.php on line 233
[02-Nov-2023 05:27:09 UTC] PHP Parse error:  syntax error, unexpected ''<input type="radio" name="reg' (T_CONSTANT_ENCAPSED_STRING), expecting ';' or ',' in /Applications/MAMP/htdocs/ad5_lesson/registration.php on line 233
[02-Nov-2023 05:27:09 UTC] PHP Parse error:  syntax error, unexpected ''<input type="radio" name="reg' (T_CONSTANT_ENCAPSED_STRING), expecting ';' or ',' in /Applications/MAMP/htdocs/ad5_lesson/registration.php on line 233
[02-Nov-2023 05:27:10 UTC] PHP Parse error:  syntax error, unexpected ''<input type="radio" name="reg' (T_CONSTANT_ENCAPSED_STRING), expecting ';' or ',' in /Applications/MAMP/htdocs/ad5_lesson/registration.php on line 233
[02-Nov-2023 05:27:12 UTC] PHP Parse error:  syntax error, unexpected ''<input type="radio" name="reg' (T_CONSTANT_ENCAPSED_STRING), expecting ';' or ',' in /Applications/MAMP/htdocs/ad5_lesson/registration.php on line 233
[02-Nov-2023 05:27:14 UTC] PHP Parse error:  syntax error, unexpected ''<input type="radio" name="reg' (T_CONSTANT_ENCAPSED_STRING), expecting ';' or ',' in /Applications/MAMP/htdocs/ad5_lesson/registration.php on line 233
[02-Nov-2023 05:27:16 UTC] PHP Parse error:  syntax error, unexpected ''<input type="radio" name="reg' (T_CONSTANT_ENCAPSED_STRING), expecting ';' or ',' in /Applications/MAMP/htdocs/ad5_lesson/registration.php on line 233
[02-Nov-2023 05:36:46 UTC] PHP Parse error:  syntax error, unexpected ''<input type="radio" name="reg' (T_CONSTANT_ENCAPSED_STRING), expecting ';' or ',' in /Applications/MAMP/htdocs/ad5_lesson/registration.php on line 240
[02-Nov-2023 05:36:47 UTC] PHP Parse error:  syntax error, unexpected ''<input type="radio" name="reg' (T_CONSTANT_ENCAPSED_STRING), expecting ';' or ',' in /Applications/MAMP/htdocs/ad5_lesson/registration.php on line 240
[02-Nov-2023 05:36:48 UTC] PHP Parse error:  syntax error, unexpected ''<input type="radio" name="reg' (T_CONSTANT_ENCAPSED_STRING), expecting ';' or ',' in /Applications/MAMP/htdocs/ad5_lesson/registration.php on line 240
[02-Nov-2023 05:36:48 UTC] PHP Parse error:  syntax error, unexpected ''<input type="radio" name="reg' (T_CONSTANT_ENCAPSED_STRING), expecting ';' or ',' in /Applications/MAMP/htdocs/ad5_lesson/registration.php on line 240
[02-Nov-2023 05:36:49 UTC] PHP Parse error:  syntax error, unexpected ''<input type="radio" name="reg' (T_CONSTANT_ENCAPSED_STRING), expecting ';' or ',' in /Applications/MAMP/htdocs/ad5_lesson/registration.php on line 240
[02-Nov-2023 05:36:50 UTC] PHP Parse error:  syntax error, unexpected ''<input type="radio" name="reg' (T_CONSTANT_ENCAPSED_STRING), expecting ';' or ',' in /Applications/MAMP/htdocs/ad5_lesson/registration.php on line 240
[02-Nov-2023 05:36:50 UTC] PHP Parse error:  syntax error, unexpected ''<input type="radio" name="reg' (T_CONSTANT_ENCAPSED_STRING), expecting ';' or ',' in /Applications/MAMP/htdocs/ad5_lesson/registration.php on line 240
[02-Nov-2023 05:36:50 UTC] PHP Parse error:  syntax error, unexpected ''<input type="radio" name="reg' (T_CONSTANT_ENCAPSED_STRING), expecting ';' or ',' in /Applications/MAMP/htdocs/ad5_lesson/registration.php on line 240
[02-Nov-2023 05:36:50 UTC] PHP Parse error:  syntax error, unexpected ''<input type="radio" name="reg' (T_CONSTANT_ENCAPSED_STRING), expecting ';' or ',' in /Applications/MAMP/htdocs/ad5_lesson/registration.php on line 240
[02-Nov-2023 05:36:50 UTC] PHP Parse error:  syntax error, unexpected ''<input type="radio" name="reg' (T_CONSTANT_ENCAPSED_STRING), expecting ';' or ',' in /Applications/MAMP/htdocs/ad5_lesson/registration.php on line 240
[02-Nov-2023 05:36:50 UTC] PHP Parse error:  syntax error, unexpected ''<input type="radio" name="reg' (T_CONSTANT_ENCAPSED_STRING), expecting ';' or ',' in /Applications/MAMP/htdocs/ad5_lesson/registration.php on line 240
[02-Nov-2023 05:36:50 UTC] PHP Parse error:  syntax error, unexpected ''<input type="radio" name="reg' (T_CONSTANT_ENCAPSED_STRING), expecting ';' or ',' in /Applications/MAMP/htdocs/ad5_lesson/registration.php on line 240
[02-Nov-2023 05:36:52 UTC] PHP Parse error:  syntax error, unexpected ''<input type="radio" name="reg' (T_CONSTANT_ENCAPSED_STRING), expecting ';' or ',' in /Applications/MAMP/htdocs/ad5_lesson/registration.php on line 240
[02-Nov-2023 05:39:34 UTC] PHP Parse error:  syntax error, unexpected ''<input type="radio" name="reg' (T_CONSTANT_ENCAPSED_STRING), expecting ';' or ',' in /Applications/MAMP/htdocs/ad5_lesson/registration.php on line 240
[02-Nov-2023 05:39:34 UTC] PHP Parse error:  syntax error, unexpected ''<input type="radio" name="reg' (T_CONSTANT_ENCAPSED_STRING), expecting ';' or ',' in /Applications/MAMP/htdocs/ad5_lesson/registration.php on line 240
[02-Nov-2023 05:39:35 UTC] PHP Parse error:  syntax error, unexpected ''<input type="radio" name="reg' (T_CONSTANT_ENCAPSED_STRING), expecting ';' or ',' in /Applications/MAMP/htdocs/ad5_lesson/registration.php on line 240
[02-Nov-2023 05:39:35 UTC] PHP Parse error:  syntax error, unexpected ''<input type="radio" name="reg' (T_CONSTANT_ENCAPSED_STRING), expecting ';' or ',' in /Applications/MAMP/htdocs/ad5_lesson/registration.php on line 240
[02-Nov-2023 05:39:35 UTC] PHP Parse error:  syntax error, unexpected ''<input type="radio" name="reg' (T_CONSTANT_ENCAPSED_STRING), expecting ';' or ',' in /Applications/MAMP/htdocs/ad5_lesson/registration.php on line 240
[02-Nov-2023 05:39:35 UTC] PHP Parse error:  syntax error, unexpected ''<input type="radio" name="reg' (T_CONSTANT_ENCAPSED_STRING), expecting ';' or ',' in /Applications/MAMP/htdocs/ad5_lesson/registration.php on line 240
[02-Nov-2023 05:39:35 UTC] PHP Parse error:  syntax error, unexpected ''<input type="radio" name="reg' (T_CONSTANT_ENCAPSED_STRING), expecting ';' or ',' in /Applications/MAMP/htdocs/ad5_lesson/registration.php on line 240
[02-Nov-2023 05:39:35 UTC] PHP Parse error:  syntax error, unexpected ''<input type="radio" name="reg' (T_CONSTANT_ENCAPSED_STRING), expecting ';' or ',' in /Applications/MAMP/htdocs/ad5_lesson/registration.php on line 240
[02-Nov-2023 05:39:35 UTC] PHP Parse error:  syntax error, unexpected ''<input type="radio" name="reg' (T_CONSTANT_ENCAPSED_STRING), expecting ';' or ',' in /Applications/MAMP/htdocs/ad5_lesson/registration.php on line 240
[02-Nov-2023 05:39:36 UTC] PHP Parse error:  syntax error, unexpected ''<input type="radio" name="reg' (T_CONSTANT_ENCAPSED_STRING), expecting ';' or ',' in /Applications/MAMP/htdocs/ad5_lesson/registration.php on line 240
[02-Nov-2023 05:39:36 UTC] PHP Parse error:  syntax error, unexpected ''<input type="radio" name="reg' (T_CONSTANT_ENCAPSED_STRING), expecting ';' or ',' in /Applications/MAMP/htdocs/ad5_lesson/registration.php on line 240
[02-Nov-2023 05:39:37 UTC] PHP Parse error:  syntax error, unexpected ''<input type="radio" name="reg' (T_CONSTANT_ENCAPSED_STRING), expecting ';' or ',' in /Applications/MAMP/htdocs/ad5_lesson/registration.php on line 240
[02-Nov-2023 05:39:41 UTC] PHP Parse error:  syntax error, unexpected ''<input type="radio" name="reg' (T_CONSTANT_ENCAPSED_STRING), expecting ';' or ',' in /Applications/MAMP/htdocs/ad5_lesson/registration.php on line 240
[02-Nov-2023 06:15:17 UTC] PHP Parse error:  syntax error, unexpected ''<input type="radio" name="reg' (T_CONSTANT_ENCAPSED_STRING), expecting ';' or ',' in /Applications/MAMP/htdocs/ad5_lesson/registration.php on line 240
[02-Nov-2023 06:15:19 UTC] PHP Parse error:  syntax error, unexpected ''<input type="radio" name="reg' (T_CONSTANT_ENCAPSED_STRING), expecting ';' or ',' in /Applications/MAMP/htdocs/ad5_lesson/registration.php on line 240
[02-Nov-2023 06:15:20 UTC] PHP Parse error:  syntax error, unexpected ''<input type="radio" name="reg' (T_CONSTANT_ENCAPSED_STRING), expecting ';' or ',' in /Applications/MAMP/htdocs/ad5_lesson/registration.php on line 240
[02-Nov-2023 06:15:20 UTC] PHP Parse error:  syntax error, unexpected ''<input type="radio" name="reg' (T_CONSTANT_ENCAPSED_STRING), expecting ';' or ',' in /Applications/MAMP/htdocs/ad5_lesson/registration.php on line 240
[02-Nov-2023 06:15:20 UTC] PHP Parse error:  syntax error, unexpected ''<input type="radio" name="reg' (T_CONSTANT_ENCAPSED_STRING), expecting ';' or ',' in /Applications/MAMP/htdocs/ad5_lesson/registration.php on line 240
[02-Nov-2023 06:15:21 UTC] PHP Parse error:  syntax error, unexpected ''<input type="radio" name="reg' (T_CONSTANT_ENCAPSED_STRING), expecting ';' or ',' in /Applications/MAMP/htdocs/ad5_lesson/registration.php on line 240
[05-Nov-2023 07:11:20 UTC] PHP Parse error:  syntax error, unexpected end of file in /Applications/MAMP/htdocs/ad5_lesson/edit.php on line 377
[05-Nov-2023 07:11:28 UTC] PHP Parse error:  syntax error, unexpected end of file in /Applications/MAMP/htdocs/ad5_lesson/edit.php on line 377
[05-Nov-2023 07:11:28 UTC] PHP Parse error:  syntax error, unexpected end of file in /Applications/MAMP/htdocs/ad5_lesson/edit.php on line 377
[10-Nov-2023 14:14:06 UTC] PHP Parse error:  syntax error, unexpected 'else' (T_ELSE) in /Applications/MAMP/htdocs/ad5_lesson_new/registration.php on line 182
[10-Nov-2023 14:14:13 UTC] PHP Parse error:  syntax error, unexpected 'else' (T_ELSE) in /Applications/MAMP/htdocs/ad5_lesson_new/registration.php on line 182
[10-Nov-2023 14:14:13 UTC] PHP Parse error:  syntax error, unexpected 'else' (T_ELSE) in /Applications/MAMP/htdocs/ad5_lesson_new/registration.php on line 182
[10-Nov-2023 14:14:13 UTC] PHP Parse error:  syntax error, unexpected 'else' (T_ELSE) in /Applications/MAMP/htdocs/ad5_lesson_new/registration.php on line 182
[10-Nov-2023 14:14:33 UTC] PHP Parse error:  syntax error, unexpected 'else' (T_ELSE) in /Applications/MAMP/htdocs/ad5_lesson_new/registration.php on line 182
[12-Nov-2023 14:21:01 UTC] PHP Parse error:  syntax error, unexpected ')' in /Applications/MAMP/htdocs/ad5_lesson_new/registration.php on line 181
[12-Nov-2023 14:21:08 UTC] PHP Parse error:  syntax error, unexpected ')' in /Applications/MAMP/htdocs/ad5_lesson_new/registration.php on line 181
[16-Nov-2023 03:06:42 UTC] PHP Parse error:  syntax error, unexpected '$emp_sex' (T_VARIABLE) in /Applications/MAMP/htdocs/ad5_lesson_new/emp_total.php on line 6
[16-Nov-2023 03:06:53 UTC] PHP Parse error:  syntax error, unexpected '$emp_sex' (T_VARIABLE) in /Applications/MAMP/htdocs/ad5_lesson_new/emp_total.php on line 6
[16-Nov-2023 03:06:53 UTC] PHP Parse error:  syntax error, unexpected '$emp_sex' (T_VARIABLE) in /Applications/MAMP/htdocs/ad5_lesson_new/emp_total.php on line 6
[16-Nov-2023 03:06:53 UTC] PHP Parse error:  syntax error, unexpected '$emp_sex' (T_VARIABLE) in /Applications/MAMP/htdocs/ad5_lesson_new/emp_total.php on line 6
[16-Nov-2023 03:06:53 UTC] PHP Parse error:  syntax error, unexpected '$emp_sex' (T_VARIABLE) in /Applications/MAMP/htdocs/ad5_lesson_new/emp_total.php on line 6
[16-Nov-2023 03:06:54 UTC] PHP Parse error:  syntax error, unexpected '$emp_sex' (T_VARIABLE) in /Applications/MAMP/htdocs/ad5_lesson_new/emp_total.php on line 6
[16-Nov-2023 03:06:58 UTC] PHP Parse error:  syntax error, unexpected '$emp_sex' (T_VARIABLE) in /Applications/MAMP/htdocs/ad5_lesson_new/emp_total.php on line 6
[16-Nov-2023 03:08:26 UTC] PHP Parse error:  syntax error, unexpected '$emp_sex' (T_VARIABLE) in /Applications/MAMP/htdocs/ad5_lesson_new/emp_total.php on line 6
[16-Nov-2023 03:08:28 UTC] PHP Parse error:  syntax error, unexpected '$emp_sex' (T_VARIABLE) in /Applications/MAMP/htdocs/ad5_lesson_new/emp_total.php on line 6
[16-Nov-2023 03:08:29 UTC] PHP Parse error:  syntax error, unexpected '$emp_sex' (T_VARIABLE) in /Applications/MAMP/htdocs/ad5_lesson_new/emp_total.php on line 6
[16-Nov-2023 03:08:29 UTC] PHP Parse error:  syntax error, unexpected '$emp_sex' (T_VARIABLE) in /Applications/MAMP/htdocs/ad5_lesson_new/emp_total.php on line 6
[16-Nov-2023 03:08:29 UTC] PHP Parse error:  syntax error, unexpected '$emp_sex' (T_VARIABLE) in /Applications/MAMP/htdocs/ad5_lesson_new/emp_total.php on line 6
[16-Nov-2023 03:38:04 UTC] PHP Parse error:  syntax error, unexpected '$emp_sex' (T_VARIABLE) in /Applications/MAMP/htdocs/ad5_lesson_new/emp_total.php on line 6
[16-Nov-2023 03:38:04 UTC] PHP Parse error:  syntax error, unexpected '$emp_sex' (T_VARIABLE) in /Applications/MAMP/htdocs/ad5_lesson_new/emp_total.php on line 6
[16-Nov-2023 03:38:04 UTC] PHP Parse error:  syntax error, unexpected '$emp_sex' (T_VARIABLE) in /Applications/MAMP/htdocs/ad5_lesson_new/emp_total.php on line 6
[16-Nov-2023 03:43:44 UTC] PHP Parse error:  syntax error, unexpected '$emp_sex' (T_VARIABLE) in /Applications/MAMP/htdocs/ad5_lesson_new/emp_total.php on line 6
[16-Nov-2023 03:43:46 UTC] PHP Parse error:  syntax error, unexpected '$emp_sex' (T_VARIABLE) in /Applications/MAMP/htdocs/ad5_lesson_new/emp_total.php on line 6
[22-Nov-2023 07:40:00 UTC] PHP Parse error:  syntax error, unexpected '$backURL' (T_VARIABLE), expecting ')' in /Applications/MAMP/htdocs/ad5_lesson_new/login.php on line 25
[22-Nov-2023 07:41:04 UTC] PHP Parse error:  syntax error, unexpected '$backURL' (T_VARIABLE), expecting ')' in /Applications/MAMP/htdocs/ad5_lesson_new/login.php on line 27
[22-Nov-2023 07:41:06 UTC] PHP Parse error:  syntax error, unexpected '$backURL' (T_VARIABLE), expecting ')' in /Applications/MAMP/htdocs/ad5_lesson_new/login.php on line 27
[25-Nov-2023 07:10:54 UTC] PHP Parse error:  syntax error, unexpected 'catch' (T_CATCH) in /Applications/MAMP/htdocs/ad5_lesson_new/registration.php on line 91
[25-Nov-2023 07:10:56 UTC] PHP Parse error:  syntax error, unexpected 'catch' (T_CATCH) in /Applications/MAMP/htdocs/ad5_lesson_new/registration.php on line 91
[25-Nov-2023 07:10:56 UTC] PHP Parse error:  syntax error, unexpected 'catch' (T_CATCH) in /Applications/MAMP/htdocs/ad5_lesson_new/registration.php on line 91
[25-Nov-2023 07:10:56 UTC] PHP Parse error:  syntax error, unexpected 'catch' (T_CATCH) in /Applications/MAMP/htdocs/ad5_lesson_new/registration.php on line 91
[25-Nov-2023 07:11:09 UTC] PHP Parse error:  syntax error, unexpected 'catch' (T_CATCH) in /Applications/MAMP/htdocs/ad5_lesson_new/registration.php on line 91
[25-Nov-2023 07:11:09 UTC] PHP Parse error:  syntax error, unexpected 'catch' (T_CATCH) in /Applications/MAMP/htdocs/ad5_lesson_new/registration.php on line 91
[25-Nov-2023 07:13:45 UTC] PHP Parse error:  syntax error, unexpected 'else' (T_ELSE) in /Applications/MAMP/htdocs/ad5_lesson_new/registration.php on line 94
[25-Nov-2023 07:13:45 UTC] PHP Parse error:  syntax error, unexpected 'else' (T_ELSE) in /Applications/MAMP/htdocs/ad5_lesson_new/registration.php on line 94
[25-Nov-2023 07:13:45 UTC] PHP Parse error:  syntax error, unexpected 'else' (T_ELSE) in /Applications/MAMP/htdocs/ad5_lesson_new/registration.php on line 94
[25-Nov-2023 07:13:46 UTC] PHP Parse error:  syntax error, unexpected 'else' (T_ELSE) in /Applications/MAMP/htdocs/ad5_lesson_new/registration.php on line 94
[25-Nov-2023 07:13:47 UTC] PHP Parse error:  syntax error, unexpected 'else' (T_ELSE) in /Applications/MAMP/htdocs/ad5_lesson_new/registration.php on line 94
[25-Nov-2023 07:13:48 UTC] PHP Parse error:  syntax error, unexpected 'else' (T_ELSE) in /Applications/MAMP/htdocs/ad5_lesson_new/registration.php on line 94
[25-Nov-2023 07:13:49 UTC] PHP Parse error:  syntax error, unexpected 'else' (T_ELSE) in /Applications/MAMP/htdocs/ad5_lesson_new/registration.php on line 94
[25-Nov-2023 07:13:49 UTC] PHP Parse error:  syntax error, unexpected 'else' (T_ELSE) in /Applications/MAMP/htdocs/ad5_lesson_new/registration.php on line 94
[25-Nov-2023 07:13:49 UTC] PHP Parse error:  syntax error, unexpected 'else' (T_ELSE) in /Applications/MAMP/htdocs/ad5_lesson_new/registration.php on line 94
[25-Nov-2023 07:13:49 UTC] PHP Parse error:  syntax error, unexpected 'else' (T_ELSE) in /Applications/MAMP/htdocs/ad5_lesson_new/registration.php on line 94
[25-Nov-2023 07:13:55 UTC] PHP Parse error:  syntax error, unexpected 'else' (T_ELSE) in /Applications/MAMP/htdocs/ad5_lesson_new/registration.php on line 94
[25-Nov-2023 07:13:57 UTC] PHP Parse error:  syntax error, unexpected 'else' (T_ELSE) in /Applications/MAMP/htdocs/ad5_lesson_new/registration.php on line 94
[25-Nov-2023 07:13:59 UTC] PHP Parse error:  syntax error, unexpected 'else' (T_ELSE) in /Applications/MAMP/htdocs/ad5_lesson_new/registration.php on line 94
[25-Nov-2023 07:13:59 UTC] PHP Parse error:  syntax error, unexpected 'else' (T_ELSE) in /Applications/MAMP/htdocs/ad5_lesson_new/registration.php on line 94
[25-Nov-2023 07:13:59 UTC] PHP Parse error:  syntax error, unexpected 'else' (T_ELSE) in /Applications/MAMP/htdocs/ad5_lesson_new/registration.php on line 94
[25-Nov-2023 07:13:59 UTC] PHP Parse error:  syntax error, unexpected 'else' (T_ELSE) in /Applications/MAMP/htdocs/ad5_lesson_new/registration.php on line 94
[25-Nov-2023 07:14:00 UTC] PHP Parse error:  syntax error, unexpected 'else' (T_ELSE) in /Applications/MAMP/htdocs/ad5_lesson_new/registration.php on line 94
[25-Nov-2023 07:14:00 UTC] PHP Parse error:  syntax error, unexpected 'else' (T_ELSE) in /Applications/MAMP/htdocs/ad5_lesson_new/registration.php on line 94
[25-Nov-2023 07:14:00 UTC] PHP Parse error:  syntax error, unexpected 'else' (T_ELSE) in /Applications/MAMP/htdocs/ad5_lesson_new/registration.php on line 94
[25-Nov-2023 07:14:00 UTC] PHP Parse error:  syntax error, unexpected 'else' (T_ELSE) in /Applications/MAMP/htdocs/ad5_lesson_new/registration.php on line 94
[25-Nov-2023 07:14:20 UTC] PHP Parse error:  syntax error, unexpected 'else' (T_ELSE) in /Applications/MAMP/htdocs/ad5_lesson_new/registration.php on line 94
[25-Nov-2023 07:14:22 UTC] PHP Parse error:  syntax error, unexpected 'else' (T_ELSE) in /Applications/MAMP/htdocs/ad5_lesson_new/registration.php on line 94
[25-Nov-2023 07:14:22 UTC] PHP Parse error:  syntax error, unexpected 'else' (T_ELSE) in /Applications/MAMP/htdocs/ad5_lesson_new/registration.php on line 94
[25-Nov-2023 07:14:23 UTC] PHP Parse error:  syntax error, unexpected 'else' (T_ELSE) in /Applications/MAMP/htdocs/ad5_lesson_new/registration.php on line 94
[25-Nov-2023 07:14:29 UTC] PHP Parse error:  syntax error, unexpected 'else' (T_ELSE) in /Applications/MAMP/htdocs/ad5_lesson_new/registration.php on line 94
[25-Nov-2023 07:14:48 UTC] PHP Parse error:  syntax error, unexpected 'else' (T_ELSE) in /Applications/MAMP/htdocs/ad5_lesson_new/registration.php on line 94
[25-Nov-2023 07:14:50 UTC] PHP Parse error:  syntax error, unexpected 'else' (T_ELSE) in /Applications/MAMP/htdocs/ad5_lesson_new/registration.php on line 94
[25-Nov-2023 07:14:50 UTC] PHP Parse error:  syntax error, unexpected 'else' (T_ELSE) in /Applications/MAMP/htdocs/ad5_lesson_new/registration.php on line 94
[25-Nov-2023 07:14:50 UTC] PHP Parse error:  syntax error, unexpected 'else' (T_ELSE) in /Applications/MAMP/htdocs/ad5_lesson_new/registration.php on line 94
[25-Nov-2023 07:14:51 UTC] PHP Parse error:  syntax error, unexpected 'else' (T_ELSE) in /Applications/MAMP/htdocs/ad5_lesson_new/registration.php on line 94
[25-Nov-2023 07:14:52 UTC] PHP Parse error:  syntax error, unexpected 'else' (T_ELSE) in /Applications/MAMP/htdocs/ad5_lesson_new/registration.php on line 94
[25-Nov-2023 07:14:56 UTC] PHP Parse error:  syntax error, unexpected 'else' (T_ELSE) in /Applications/MAMP/htdocs/ad5_lesson_new/registration.php on line 94
[25-Nov-2023 07:14:58 UTC] PHP Parse error:  syntax error, unexpected 'else' (T_ELSE) in /Applications/MAMP/htdocs/ad5_lesson_new/registration.php on line 94
[25-Nov-2023 07:14:58 UTC] PHP Parse error:  syntax error, unexpected 'else' (T_ELSE) in /Applications/MAMP/htdocs/ad5_lesson_new/registration.php on line 94
[25-Nov-2023 07:14:59 UTC] PHP Parse error:  syntax error, unexpected 'else' (T_ELSE) in /Applications/MAMP/htdocs/ad5_lesson_new/registration.php on line 94
[25-Nov-2023 07:15:05 UTC] PHP Parse error:  syntax error, unexpected 'else' (T_ELSE) in /Applications/MAMP/htdocs/ad5_lesson_new/registration.php on line 94
[25-Nov-2023 07:15:09 UTC] PHP Parse error:  syntax error, unexpected 'else' (T_ELSE) in /Applications/MAMP/htdocs/ad5_lesson_new/registration.php on line 94
[25-Nov-2023 07:15:09 UTC] PHP Parse error:  syntax error, unexpected 'else' (T_ELSE) in /Applications/MAMP/htdocs/ad5_lesson_new/registration.php on line 94
[25-Nov-2023 07:15:10 UTC] PHP Parse error:  syntax error, unexpected 'else' (T_ELSE) in /Applications/MAMP/htdocs/ad5_lesson_new/registration.php on line 94
[25-Nov-2023 07:15:10 UTC] PHP Parse error:  syntax error, unexpected 'else' (T_ELSE) in /Applications/MAMP/htdocs/ad5_lesson_new/registration.php on line 94
[25-Nov-2023 07:15:10 UTC] PHP Parse error:  syntax error, unexpected 'else' (T_ELSE) in /Applications/MAMP/htdocs/ad5_lesson_new/registration.php on line 94
[25-Nov-2023 14:30:55 UTC] PHP Parse error:  syntax error, unexpected '||' (T_BOOLEAN_OR) in /Applications/MAMP/htdocs/ad5_lesson_new/edit.php on line 669
[25-Nov-2023 14:31:04 UTC] PHP Parse error:  syntax error, unexpected '||' (T_BOOLEAN_OR) in /Applications/MAMP/htdocs/ad5_lesson_new/edit.php on line 669
[25-Nov-2023 14:31:05 UTC] PHP Parse error:  syntax error, unexpected '||' (T_BOOLEAN_OR) in /Applications/MAMP/htdocs/ad5_lesson_new/edit.php on line 669
[25-Nov-2023 14:31:05 UTC] PHP Parse error:  syntax error, unexpected '||' (T_BOOLEAN_OR) in /Applications/MAMP/htdocs/ad5_lesson_new/edit.php on line 669
[25-Nov-2023 14:31:06 UTC] PHP Parse error:  syntax error, unexpected '||' (T_BOOLEAN_OR) in /Applications/MAMP/htdocs/ad5_lesson_new/edit.php on line 669
[25-Nov-2023 14:31:06 UTC] PHP Parse error:  syntax error, unexpected '||' (T_BOOLEAN_OR) in /Applications/MAMP/htdocs/ad5_lesson_new/edit.php on line 669
[25-Nov-2023 14:31:06 UTC] PHP Parse error:  syntax error, unexpected '||' (T_BOOLEAN_OR) in /Applications/MAMP/htdocs/ad5_lesson_new/edit.php on line 669
[25-Nov-2023 14:31:08 UTC] PHP Parse error:  syntax error, unexpected '||' (T_BOOLEAN_OR) in /Applications/MAMP/htdocs/ad5_lesson_new/edit.php on line 669
[26-Nov-2023 05:47:35 UTC] PHP Parse error:  syntax error, unexpected '/' in /Applications/MAMP/htdocs/ad5_lesson_new/edit.php on line 672
[26-Nov-2023 05:47:38 UTC] PHP Parse error:  syntax error, unexpected '/' in /Applications/MAMP/htdocs/ad5_lesson_new/edit.php on line 672
[26-Nov-2023 05:47:38 UTC] PHP Parse error:  syntax error, unexpected '/' in /Applications/MAMP/htdocs/ad5_lesson_new/edit.php on line 672
[26-Nov-2023 05:47:38 UTC] PHP Parse error:  syntax error, unexpected '/' in /Applications/MAMP/htdocs/ad5_lesson_new/edit.php on line 672
[27-Nov-2023 07:28:41 UTC] PHP Parse error:  syntax error, unexpected '.' in /Applications/MAMP/htdocs/ad5_lesson_new/detail.php on line 73
[27-Nov-2023 07:30:29 UTC] PHP Parse error:  syntax error, unexpected '.' in /Applications/MAMP/htdocs/ad5_lesson_new/detail.php on line 75
[27-Nov-2023 07:30:51 UTC] PHP Parse error:  syntax error, unexpected '.' in /Applications/MAMP/htdocs/ad5_lesson_new/detail.php on line 75
[27-Nov-2023 07:30:52 UTC] PHP Parse error:  syntax error, unexpected '.' in /Applications/MAMP/htdocs/ad5_lesson_new/detail.php on line 75
[27-Nov-2023 07:30:52 UTC] PHP Parse error:  syntax error, unexpected '.' in /Applications/MAMP/htdocs/ad5_lesson_new/detail.php on line 75
[27-Nov-2023 07:30:54 UTC] PHP Parse error:  syntax error, unexpected '.' in /Applications/MAMP/htdocs/ad5_lesson_new/detail.php on line 75
[27-Nov-2023 07:30:54 UTC] PHP Parse error:  syntax error, unexpected '.' in /Applications/MAMP/htdocs/ad5_lesson_new/detail.php on line 75
[27-Nov-2023 07:30:54 UTC] PHP Parse error:  syntax error, unexpected '.' in /Applications/MAMP/htdocs/ad5_lesson_new/detail.php on line 75
[27-Nov-2023 07:30:54 UTC] PHP Parse error:  syntax error, unexpected '.' in /Applications/MAMP/htdocs/ad5_lesson_new/detail.php on line 75
[27-Nov-2023 07:30:54 UTC] PHP Parse error:  syntax error, unexpected '.' in /Applications/MAMP/htdocs/ad5_lesson_new/detail.php on line 75
[27-Nov-2023 07:30:55 UTC] PHP Parse error:  syntax error, unexpected '.' in /Applications/MAMP/htdocs/ad5_lesson_new/detail.php on line 75
[27-Nov-2023 07:30:55 UTC] PHP Parse error:  syntax error, unexpected '.' in /Applications/MAMP/htdocs/ad5_lesson_new/detail.php on line 75
[27-Nov-2023 07:30:55 UTC] PHP Parse error:  syntax error, unexpected '.' in /Applications/MAMP/htdocs/ad5_lesson_new/detail.php on line 75
[27-Nov-2023 07:30:55 UTC] PHP Parse error:  syntax error, unexpected '.' in /Applications/MAMP/htdocs/ad5_lesson_new/detail.php on line 75
[27-Nov-2023 07:30:55 UTC] PHP Parse error:  syntax error, unexpected '.' in /Applications/MAMP/htdocs/ad5_lesson_new/detail.php on line 75
[27-Nov-2023 07:30:55 UTC] PHP Parse error:  syntax error, unexpected '.' in /Applications/MAMP/htdocs/ad5_lesson_new/detail.php on line 75
[27-Nov-2023 07:30:55 UTC] PHP Parse error:  syntax error, unexpected '.' in /Applications/MAMP/htdocs/ad5_lesson_new/detail.php on line 75
[27-Nov-2023 07:30:55 UTC] PHP Parse error:  syntax error, unexpected '.' in /Applications/MAMP/htdocs/ad5_lesson_new/detail.php on line 75
[27-Nov-2023 07:30:55 UTC] PHP Parse error:  syntax error, unexpected '.' in /Applications/MAMP/htdocs/ad5_lesson_new/detail.php on line 75
[27-Nov-2023 07:30:55 UTC] PHP Parse error:  syntax error, unexpected '.' in /Applications/MAMP/htdocs/ad5_lesson_new/detail.php on line 75
[27-Nov-2023 07:30:55 UTC] PHP Parse error:  syntax error, unexpected '.' in /Applications/MAMP/htdocs/ad5_lesson_new/detail.php on line 75
[27-Nov-2023 07:30:55 UTC] PHP Parse error:  syntax error, unexpected '.' in /Applications/MAMP/htdocs/ad5_lesson_new/detail.php on line 75
[27-Nov-2023 07:30:56 UTC] PHP Parse error:  syntax error, unexpected '.' in /Applications/MAMP/htdocs/ad5_lesson_new/detail.php on line 75
[27-Nov-2023 07:30:56 UTC] PHP Parse error:  syntax error, unexpected '.' in /Applications/MAMP/htdocs/ad5_lesson_new/detail.php on line 75
[27-Nov-2023 07:30:56 UTC] PHP Parse error:  syntax error, unexpected '.' in /Applications/MAMP/htdocs/ad5_lesson_new/detail.php on line 75
[27-Nov-2023 07:30:56 UTC] PHP Parse error:  syntax error, unexpected '.' in /Applications/MAMP/htdocs/ad5_lesson_new/detail.php on line 75
[27-Nov-2023 07:30:56 UTC] PHP Parse error:  syntax error, unexpected '.' in /Applications/MAMP/htdocs/ad5_lesson_new/detail.php on line 75
[27-Nov-2023 07:30:56 UTC] PHP Parse error:  syntax error, unexpected '.' in /Applications/MAMP/htdocs/ad5_lesson_new/detail.php on line 75
[27-Nov-2023 07:31:07 UTC] PHP Parse error:  syntax error, unexpected '.' in /Applications/MAMP/htdocs/ad5_lesson_new/detail.php on line 75
[27-Nov-2023 07:31:07 UTC] PHP Parse error:  syntax error, unexpected '.' in /Applications/MAMP/htdocs/ad5_lesson_new/detail.php on line 75
[27-Nov-2023 07:31:07 UTC] PHP Parse error:  syntax error, unexpected '.' in /Applications/MAMP/htdocs/ad5_lesson_new/detail.php on line 75
[01-Dec-2023 01:48:44 UTC] PHP Parse error:  syntax error, unexpected '==' (T_IS_EQUAL) in /Applications/MAMP/htdocs/ad5_lesson_new/emp_total.php on line 50
[01-Dec-2023 03:41:29 UTC] PHP Parse error:  syntax error, unexpected 'id' (T_STRING), expecting ']' in /Applications/MAMP/htdocs/ad5_lesson_new/edit.php on line 657
[02-Dec-2023 06:02:54 UTC] PHP Parse error:  syntax error, unexpected ')' in /Applications/MAMP/htdocs/ad5_lesson_new/edit.php on line 662
[02-Dec-2023 06:03:01 UTC] PHP Parse error:  syntax error, unexpected ')' in /Applications/MAMP/htdocs/ad5_lesson_new/edit.php on line 662
[02-Dec-2023 06:33:11 UTC] PHP Parse error:  syntax error, unexpected ',' in /Applications/MAMP/htdocs/ad5_lesson_new/quali.php on line 36
[02-Dec-2023 06:33:52 UTC] PHP Parse error:  syntax error, unexpected ',' in /Applications/MAMP/htdocs/ad5_lesson_new/quali.php on line 36
[02-Dec-2023 06:33:53 UTC] PHP Parse error:  syntax error, unexpected ',' in /Applications/MAMP/htdocs/ad5_lesson_new/quali.php on line 36
[02-Dec-2023 06:33:53 UTC] PHP Parse error:  syntax error, unexpected ',' in /Applications/MAMP/htdocs/ad5_lesson_new/quali.php on line 36
[02-Dec-2023 06:33:53 UTC] PHP Parse error:  syntax error, unexpected ',' in /Applications/MAMP/htdocs/ad5_lesson_new/quali.php on line 36
[02-Dec-2023 06:33:53 UTC] PHP Parse error:  syntax error, unexpected ',' in /Applications/MAMP/htdocs/ad5_lesson_new/quali.php on line 36
[02-Dec-2023 06:33:54 UTC] PHP Parse error:  syntax error, unexpected ',' in /Applications/MAMP/htdocs/ad5_lesson_new/quali.php on line 36
[02-Dec-2023 06:33:58 UTC] PHP Parse error:  syntax error, unexpected ',' in /Applications/MAMP/htdocs/ad5_lesson_new/quali.php on line 36
[02-Dec-2023 06:34:01 UTC] PHP Parse error:  syntax error, unexpected ',' in /Applications/MAMP/htdocs/ad5_lesson_new/quali.php on line 36
[02-Dec-2023 06:34:01 UTC] PHP Parse error:  syntax error, unexpected ',' in /Applications/MAMP/htdocs/ad5_lesson_new/quali.php on line 36
[02-Dec-2023 06:34:01 UTC] PHP Parse error:  syntax error, unexpected ',' in /Applications/MAMP/htdocs/ad5_lesson_new/quali.php on line 36
[02-Dec-2023 06:34:01 UTC] PHP Parse error:  syntax error, unexpected ',' in /Applications/MAMP/htdocs/ad5_lesson_new/quali.php on line 36
[02-Dec-2023 06:34:02 UTC] PHP Parse error:  syntax error, unexpected ',' in /Applications/MAMP/htdocs/ad5_lesson_new/quali.php on line 36
[02-Dec-2023 06:34:02 UTC] PHP Parse error:  syntax error, unexpected ',' in /Applications/MAMP/htdocs/ad5_lesson_new/quali.php on line 36
[02-Dec-2023 06:34:05 UTC] PHP Parse error:  syntax error, unexpected ',' in /Applications/MAMP/htdocs/ad5_lesson_new/quali.php on line 36
[02-Dec-2023 06:34:06 UTC] PHP Parse error:  syntax error, unexpected ',' in /Applications/MAMP/htdocs/ad5_lesson_new/quali.php on line 36
[02-Dec-2023 06:34:06 UTC] PHP Parse error:  syntax error, unexpected ',' in /Applications/MAMP/htdocs/ad5_lesson_new/quali.php on line 36
[06-Dec-2023 02:37:32 UTC] PHP Parse error:  syntax error, unexpected 'else' (T_ELSE), expecting end of file in /Applications/MAMP/htdocs/ad5_lesson_new/registration.php on line 109
[06-Dec-2023 02:37:33 UTC] PHP Parse error:  syntax error, unexpected 'else' (T_ELSE), expecting end of file in /Applications/MAMP/htdocs/ad5_lesson_new/registration.php on line 109
[06-Dec-2023 02:37:39 UTC] PHP Parse error:  syntax error, unexpected 'else' (T_ELSE) in /Applications/MAMP/htdocs/ad5_lesson_new/edit.php on line 214
[06-Dec-2023 02:37:41 UTC] PHP Parse error:  syntax error, unexpected 'else' (T_ELSE) in /Applications/MAMP/htdocs/ad5_lesson_new/edit.php on line 214
[12-Dec-2023 04:22:25 UTC] PHP Parse error:  syntax error, unexpected '$mail_match_result' (T_VARIABLE) in /Applications/MAMP/htdocs/ad5_lesson_new/edit.php on line 91
[12-Dec-2023 04:22:31 UTC] PHP Parse error:  syntax error, unexpected '$mail_match_result' (T_VARIABLE) in /Applications/MAMP/htdocs/ad5_lesson_new/edit.php on line 91
[12-Dec-2023 04:22:37 UTC] PHP Parse error:  syntax error, unexpected '$mail_match_result' (T_VARIABLE) in /Applications/MAMP/htdocs/ad5_lesson_new/edit.php on line 91
[12-Dec-2023 04:22:39 UTC] PHP Parse error:  syntax error, unexpected '$mail_match_result' (T_VARIABLE) in /Applications/MAMP/htdocs/ad5_lesson_new/edit.php on line 91
[12-Dec-2023 04:22:44 UTC] PHP Parse error:  syntax error, unexpected '$mail_match_result' (T_VARIABLE) in /Applications/MAMP/htdocs/ad5_lesson_new/edit.php on line 91
[12-Dec-2023 04:22:47 UTC] PHP Parse error:  syntax error, unexpected '$mail_match_result' (T_VARIABLE) in /Applications/MAMP/htdocs/ad5_lesson_new/edit.php on line 91
[12-Dec-2023 08:34:57 UTC] PHP Parse error:  syntax error, unexpected 'echo' (T_ECHO), expecting ']' in /Applications/MAMP/htdocs/ad5_lesson_new/edit.php on line 449
[12-Dec-2023 08:35:07 UTC] PHP Parse error:  syntax error, unexpected 'echo' (T_ECHO), expecting ']' in /Applications/MAMP/htdocs/ad5_lesson_new/edit.php on line 449
[13-Jan-2024 06:59:31 UTC] PHP Notice:  Undefined variable: pdo in /Applications/MAMP/htdocs/EmpManageSystem/pagenation/page_get.php on line 9
[13-Jan-2024 06:59:31 UTC] PHP Fatal error:  Uncaught Error: Call to a member function query() on null in /Applications/MAMP/htdocs/EmpManageSystem/pagenation/page_get.php:9
Stack trace:
#0 /Applications/MAMP/htdocs/EmpManageSystem/index.php(8): include()
#1 {main}
  thrown in /Applications/MAMP/htdocs/EmpManageSystem/pagenation/page_get.php on line 9
